[ 2015-09-04T18:45:00+08:00 ] 192.168.10.244 /index.php?s=/Home/website
ERR: 模板不存在:./Application/Home/View/default/Website/index.html

[ 2015-09-04T18:45:16+08:00 ] 192.168.10.244 /index.php?s=/Home/website
NOTIC: [8192] mysql_connect(): The mysql extension is deprecated and will be removed in the future: use mysqli or PDO instead C:\www\yiyuan\ThinkPHP\Library\Think\Db\Driver\Mysql.class.php 第 52 行.
SQL: SHOW COLUMNS FROM `wp_member` [ RunTime:0.004000s ]
SQL: SELECT * FROM `wp_member` WHERE ( `uid` = 363 ) LIMIT 1   [ RunTime:0.000000s ]
NOTIC: [8] Undefined index: uid C:\www\yiyuan\ThinkPHP\Library\Think\Controller.class.php 第 140 行.
SQL: SHOW COLUMNS FROM `wp_member_public_link` [ RunTime:0.003001s ]
SQL: SELECT * FROM `wp_member_public_link` WHERE ( uid=363 ) ORDER BY is_use desc  [ RunTime:0.000000s ]
NOTIC: [2] Invalid argument supplied for foreach() C:\www\yiyuan\ThinkPHP\Library\Think\Controller.class.php 第 149 行.
INFO: [ view_begin ] --START--
INFO: [ view_begin ] --END-- [ RunTime:0.000000s ]
ERR: 模板不存在:./Application/Home/View/default/Website/index.html

[ 2015-09-04T18:45:38+08:00 ] 192.168.10.244 /index.php?s=/Home/website
NOTIC: [8192] mysql_connect(): The mysql extension is deprecated and will be removed in the future: use mysqli or PDO instead C:\www\yiyuan\ThinkPHP\Library\Think\Db\Driver\Mysql.class.php 第 52 行.
SQL: SHOW COLUMNS FROM `wp_member` [ RunTime:0.004001s ]
SQL: SELECT * FROM `wp_member` WHERE ( `uid` = 363 ) LIMIT 1   [ RunTime:0.001000s ]
NOTIC: [8] Undefined index: uid C:\www\yiyuan\ThinkPHP\Library\Think\Controller.class.php 第 140 行.
SQL: SHOW COLUMNS FROM `wp_member_public_link` [ RunTime:0.003000s ]
SQL: SELECT * FROM `wp_member_public_link` WHERE ( uid=363 ) ORDER BY is_use desc  [ RunTime:0.000000s ]
NOTIC: [2] Invalid argument supplied for foreach() C:\www\yiyuan\ThinkPHP\Library\Think\Controller.class.php 第 149 行.
INFO: [ view_begin ] --START--
INFO: [ view_begin ] --END-- [ RunTime:0.000000s ]
ERR: 模板不存在:./Application/Home/View/default/website/index.html

[ 2015-09-04T18:46:17+08:00 ] 192.168.10.244 /index.php?s=/Home/website
NOTIC: [8192] mysql_connect(): The mysql extension is deprecated and will be removed in the future: use mysqli or PDO instead C:\www\yiyuan\ThinkPHP\Library\Think\Db\Driver\Mysql.class.php 第 52 行.
SQL: SHOW COLUMNS FROM `wp_member` [ RunTime:0.003000s ]
SQL: SELECT * FROM `wp_member` WHERE ( `uid` = 363 ) LIMIT 1   [ RunTime:0.001000s ]
NOTIC: [8] Undefined index: uid C:\www\yiyuan\ThinkPHP\Library\Think\Controller.class.php 第 140 行.
SQL: SHOW COLUMNS FROM `wp_member_public_link` [ RunTime:0.004000s ]
SQL: SELECT * FROM `wp_member_public_link` WHERE ( uid=363 ) ORDER BY is_use desc  [ RunTime:0.001000s ]
NOTIC: [2] Invalid argument supplied for foreach() C:\www\yiyuan\ThinkPHP\Library\Think\Controller.class.php 第 149 行.
INFO: [ view_begin ] --START--
INFO: [ view_begin ] --END-- [ RunTime:0.000000s ]
ERR: 模板不存在:./Application/Home/View/default/website/index.html

[ 2015-09-04T18:46:22+08:00 ] 192.168.10.244 /index.php?s=/Home/website
NOTIC: [8192] mysql_connect(): The mysql extension is deprecated and will be removed in the future: use mysqli or PDO instead C:\www\yiyuan\ThinkPHP\Library\Think\Db\Driver\Mysql.class.php 第 52 行.
SQL: SHOW COLUMNS FROM `wp_member` [ RunTime:0.003000s ]
SQL: SELECT * FROM `wp_member` WHERE ( `uid` = 363 ) LIMIT 1   [ RunTime:0.001000s ]
NOTIC: [8] Undefined index: uid C:\www\yiyuan\ThinkPHP\Library\Think\Controller.class.php 第 140 行.
SQL: SHOW COLUMNS FROM `wp_member_public_link` [ RunTime:0.004000s ]
SQL: SELECT * FROM `wp_member_public_link` WHERE ( uid=363 ) ORDER BY is_use desc  [ RunTime:0.000000s ]
NOTIC: [2] Invalid argument supplied for foreach() C:\www\yiyuan\ThinkPHP\Library\Think\Controller.class.php 第 149 行.
INFO: [ view_begin ] --START--
INFO: [ view_begin ] --END-- [ RunTime:0.001000s ]
ERR: 模板不存在:./Application/Home/View/default/website/index.html

[ 2015-09-04T18:46:35+08:00 ] 192.168.10.244 /index.php?s=/Home/website
NOTIC: [8192] mysql_connect(): The mysql extension is deprecated and will be removed in the future: use mysqli or PDO instead C:\www\yiyuan\ThinkPHP\Library\Think\Db\Driver\Mysql.class.php 第 52 行.
SQL: SHOW COLUMNS FROM `wp_member` [ RunTime:0.004000s ]
SQL: SELECT * FROM `wp_member` WHERE ( `uid` = 363 ) LIMIT 1   [ RunTime:0.001000s ]
NOTIC: [8] Undefined index: uid C:\www\yiyuan\ThinkPHP\Library\Think\Controller.class.php 第 140 行.
SQL: SHOW COLUMNS FROM `wp_member_public_link` [ RunTime:0.003000s ]
SQL: SELECT * FROM `wp_member_public_link` WHERE ( uid=363 ) ORDER BY is_use desc  [ RunTime:0.000000s ]
NOTIC: [2] Invalid argument supplied for foreach() C:\www\yiyuan\ThinkPHP\Library\Think\Controller.class.php 第 149 行.
INFO: [ view_begin ] --START--
INFO: [ view_begin ] --END-- [ RunTime:0.000000s ]
ERR: 模板不存在:./Application/Home/View/default/Website/index.html

[ 2015-09-04T18:46:36+08:00 ] 192.168.10.244 /index.php?s=/Home/website
NOTIC: [8192] mysql_connect(): The mysql extension is deprecated and will be removed in the future: use mysqli or PDO instead C:\www\yiyuan\ThinkPHP\Library\Think\Db\Driver\Mysql.class.php 第 52 行.
SQL: SHOW COLUMNS FROM `wp_member` [ RunTime:0.004000s ]
SQL: SELECT * FROM `wp_member` WHERE ( `uid` = 363 ) LIMIT 1   [ RunTime:0.001000s ]
NOTIC: [8] Undefined index: uid C:\www\yiyuan\ThinkPHP\Library\Think\Controller.class.php 第 140 行.
SQL: SHOW COLUMNS FROM `wp_member_public_link` [ RunTime:0.004000s ]
SQL: SELECT * FROM `wp_member_public_link` WHERE ( uid=363 ) ORDER BY is_use desc  [ RunTime:0.001001s ]
NOTIC: [2] Invalid argument supplied for foreach() C:\www\yiyuan\ThinkPHP\Library\Think\Controller.class.php 第 149 行.
INFO: [ view_begin ] --START--
INFO: [ view_begin ] --END-- [ RunTime:0.000000s ]
ERR: 模板不存在:./Application/Home/View/default/Website/index.html

[ 2015-09-04T18:46:36+08:00 ] 192.168.10.244 /index.php?s=/Home/website
NOTIC: [8192] mysql_connect(): The mysql extension is deprecated and will be removed in the future: use mysqli or PDO instead C:\www\yiyuan\ThinkPHP\Library\Think\Db\Driver\Mysql.class.php 第 52 行.
SQL: SHOW COLUMNS FROM `wp_member` [ RunTime:0.004001s ]
SQL: SELECT * FROM `wp_member` WHERE ( `uid` = 363 ) LIMIT 1   [ RunTime:0.000000s ]
NOTIC: [8] Undefined index: uid C:\www\yiyuan\ThinkPHP\Library\Think\Controller.class.php 第 140 行.
SQL: SHOW COLUMNS FROM `wp_member_public_link` [ RunTime:0.006000s ]
SQL: SELECT * FROM `wp_member_public_link` WHERE ( uid=363 ) ORDER BY is_use desc  [ RunTime:0.000000s ]
NOTIC: [2] Invalid argument supplied for foreach() C:\www\yiyuan\ThinkPHP\Library\Think\Controller.class.php 第 149 行.
INFO: [ view_begin ] --START--
INFO: [ view_begin ] --END-- [ RunTime:0.000000s ]
ERR: 模板不存在:./Application/Home/View/default/Website/index.html

[ 2015-09-04T18:46:37+08:00 ] 192.168.10.244 /index.php?s=/Home/website
NOTIC: [8192] mysql_connect(): The mysql extension is deprecated and will be removed in the future: use mysqli or PDO instead C:\www\yiyuan\ThinkPHP\Library\Think\Db\Driver\Mysql.class.php 第 52 行.
SQL: SHOW COLUMNS FROM `wp_member` [ RunTime:0.003000s ]
SQL: SELECT * FROM `wp_member` WHERE ( `uid` = 363 ) LIMIT 1   [ RunTime:0.001000s ]
NOTIC: [8] Undefined index: uid C:\www\yiyuan\ThinkPHP\Library\Think\Controller.class.php 第 140 行.
SQL: SHOW COLUMNS FROM `wp_member_public_link` [ RunTime:0.003001s ]
SQL: SELECT * FROM `wp_member_public_link` WHERE ( uid=363 ) ORDER BY is_use desc  [ RunTime:0.000000s ]
NOTIC: [2] Invalid argument supplied for foreach() C:\www\yiyuan\ThinkPHP\Library\Think\Controller.class.php 第 149 行.
INFO: [ view_begin ] --START--
INFO: [ view_begin ] --END-- [ RunTime:0.000000s ]
ERR: 模板不存在:./Application/Home/View/default/Website/index.html

[ 2015-09-04T18:46:52+08:00 ] 192.168.10.244 /index.php?s=/Home/website
NOTIC: [8192] mysql_connect(): The mysql extension is deprecated and will be removed in the future: use mysqli or PDO instead C:\www\yiyuan\ThinkPHP\Library\Think\Db\Driver\Mysql.class.php 第 52 行.
SQL: SHOW COLUMNS FROM `wp_member` [ RunTime:0.005000s ]
SQL: SELECT * FROM `wp_member` WHERE ( `uid` = 363 ) LIMIT 1   [ RunTime:0.001000s ]
NOTIC: [8] Undefined index: uid C:\www\yiyuan\ThinkPHP\Library\Think\Controller.class.php 第 140 行.
SQL: SHOW COLUMNS FROM `wp_member_public_link` [ RunTime:0.005001s ]
SQL: SELECT * FROM `wp_member_public_link` WHERE ( uid=363 ) ORDER BY is_use desc  [ RunTime:0.001000s ]
NOTIC: [2] Invalid argument supplied for foreach() C:\www\yiyuan\ThinkPHP\Library\Think\Controller.class.php 第 149 行.
INFO: [ view_begin ] --START--
INFO: [ view_begin ] --END-- [ RunTime:0.001000s ]
INFO: [ view_parse ] --START--
INFO: [ template_filter ] --START--
INFO: Run Behavior\ContentReplace [ RunTime:0.001000s ]
INFO: [ template_filter ] --END-- [ RunTime:0.001000s ]
NOTIC: [8] Undefined variable: member_public_list C:\www\yiyuan\Runtime\Cache\Home\7db034f9d07ec462d1ce4a81ef2919a4.php 第 66 行.
NOTIC: [8] Undefined index: _addons C:\www\yiyuan\Runtime\Cache\Home\7db034f9d07ec462d1ce4a81ef2919a4.php 第 98 行.
NOTIC: [8] Undefined index: _controller C:\www\yiyuan\Runtime\Cache\Home\7db034f9d07ec462d1ce4a81ef2919a4.php 第 98 行.
SQL: SHOW COLUMNS FROM `wp_addons` [ RunTime:0.003000s ]
SQL: SELECT * FROM `wp_addons` WHERE ( `status` = 1 ) AND ( `type` = 1 )  [ RunTime:0.000000s ]
SQL: SHOW COLUMNS FROM `wp_addons` [ RunTime:0.004001s ]
SQL: SHOW COLUMNS FROM `wp_member_public` [ RunTime:0.004000s ]
SQL: SELECT * FROM `wp_member_public` WHERE ( `token` = -1 ) LIMIT 1   [ RunTime:0.000000s ]
SQL: SELECT `addon_status` FROM `wp_member_public_link` WHERE ( `uid` = 363 ) AND ( `mp_id` = null ) LIMIT 1   [ RunTime:0.000000s ]
NOTIC: [8] Undefined variable: addons C:\www\yiyuan\Application\Common\Common\function.php 第 465 行.
NOTIC: [8] Undefined variable: addons C:\www\yiyuan\Application\Common\Common\function.php 第 465 行.
NOTIC: [8] Undefined variable: addons C:\www\yiyuan\Application\Common\Common\function.php 第 465 行.
NOTIC: [8] Undefined variable: addons C:\www\yiyuan\Application\Common\Common\function.php 第 465 行.
NOTIC: [8] Undefined variable: addons C:\www\yiyuan\Application\Common\Common\function.php 第 465 行.
NOTIC: [8] Undefined variable: addons C:\www\yiyuan\Application\Common\Common\function.php 第 465 行.
NOTIC: [8] Undefined variable: addons C:\www\yiyuan\Application\Common\Common\function.php 第 465 行.
NOTIC: [8] Undefined variable: addons C:\www\yiyuan\Application\Common\Common\function.php 第 465 行.
NOTIC: [8] Undefined variable: addons C:\www\yiyuan\Application\Common\Common\function.php 第 465 行.
NOTIC: [8] Undefined variable: addons C:\www\yiyuan\Application\Common\Common\function.php 第 465 行.
NOTIC: [8] Undefined variable: addons C:\www\yiyuan\Application\Common\Common\function.php 第 465 行.
NOTIC: [8] Undefined variable: addons C:\www\yiyuan\Application\Common\Common\function.php 第 465 行.
NOTIC: [8] Undefined variable: addons C:\www\yiyuan\Application\Common\Common\function.php 第 465 行.
NOTIC: [8] Undefined variable: addons C:\www\yiyuan\Application\Common\Common\function.php 第 465 行.
NOTIC: [8] Undefined variable: addons C:\www\yiyuan\Application\Common\Common\function.php 第 465 行.
NOTIC: [8] Undefined variable: addons C:\www\yiyuan\Application\Common\Common\function.php 第 465 行.
NOTIC: [8] Undefined variable: addons C:\www\yiyuan\Application\Common\Common\function.php 第 465 行.
NOTIC: [8] Undefined variable: addons C:\www\yiyuan\Application\Common\Common\function.php 第 465 行.
NOTIC: [8] Undefined variable: addons C:\www\yiyuan\Application\Common\Common\function.php 第 465 行.
NOTIC: [8] Undefined variable: addons C:\www\yiyuan\Application\Common\Common\function.php 第 465 行.
NOTIC: [8] Undefined variable: addons C:\www\yiyuan\Application\Common\Common\function.php 第 465 行.
SQL: SHOW COLUMNS FROM `wp_addon_category` [ RunTime:0.004000s ]
SQL: SELECT * FROM `wp_addon_category` ORDER BY sort asc, id desc  [ RunTime:0.001000s ]
NOTIC: [8] Undefined index: home_memberpublic C:\www\yiyuan\Runtime\Cache\Home\7db034f9d07ec462d1ce4a81ef2919a4.php 第 105 行.
NOTIC: [8] Undefined index: home_index_main C:\www\yiyuan\Runtime\Cache\Home\7db034f9d07ec462d1ce4a81ef2919a4.php 第 106 行.
NOTIC: [8] Undefined index: home_creditconfig_lists C:\www\yiyuan\Runtime\Cache\Home\7db034f9d07ec462d1ce4a81ef2919a4.php 第 107 行.
NOTIC: [8] Undefined index: home_keyword C:\www\yiyuan\Runtime\Cache\Home\7db034f9d07ec462d1ce4a81ef2919a4.php 第 108 行.
NOTIC: [8] Undefined index: home_cascade C:\www\yiyuan\Runtime\Cache\Home\7db034f9d07ec462d1ce4a81ef2919a4.php 第 109 行.
NOTIC: [8] Use of undefined constant name - assumed 'name' C:\www\yiyuan\Runtime\Cache\Home\7db034f9d07ec462d1ce4a81ef2919a4.php 第 116 行.
NOTIC: [8] Undefined index: Chat C:\www\yiyuan\Runtime\Cache\Home\7db034f9d07ec462d1ce4a81ef2919a4.php 第 116 行.
NOTIC: [8] Use of undefined constant addons_url - assumed 'addons_url' C:\www\yiyuan\Runtime\Cache\Home\7db034f9d07ec462d1ce4a81ef2919a4.php 第 116 行.
NOTIC: [8] Use of undefined constant name - assumed 'name' C:\www\yiyuan\Runtime\Cache\Home\7db034f9d07ec462d1ce4a81ef2919a4.php 第 116 行.
NOTIC: [8] Undefined index: Wecome C:\www\yiyuan\Runtime\Cache\Home\7db034f9d07ec462d1ce4a81ef2919a4.php 第 116 行.
NOTIC: [8] Use of undefined constant addons_url - assumed 'addons_url' C:\www\yiyuan\Runtime\Cache\Home\7db034f9d07ec462d1ce4a81ef2919a4.php 第 116 行.
NOTIC: [8] Use of undefined constant name - assumed 'name' C:\www\yiyuan\Runtime\Cache\Home\7db034f9d07ec462d1ce4a81ef2919a4.php 第 116 行.
NOTIC: [8] Undefined index: UserCenter C:\www\yiyuan\Runtime\Cache\Home\7db034f9d07ec462d1ce4a81ef2919a4.php 第 116 行.
NOTIC: [8] Use of undefined constant addons_url - assumed 'addons_url' C:\www\yiyuan\Runtime\Cache\Home\7db034f9d07ec462d1ce4a81ef2919a4.php 第 116 行.
NOTIC: [8] Use of undefined constant name - assumed 'name' C:\www\yiyuan\Runtime\Cache\Home\7db034f9d07ec462d1ce4a81ef2919a4.php 第 116 行.
NOTIC: [8] Undefined index: CustomMenu C:\www\yiyuan\Runtime\Cache\Home\7db034f9d07ec462d1ce4a81ef2919a4.php 第 116 行.
NOTIC: [8] Use of undefined constant addons_url - assumed 'addons_url' C:\www\yiyuan\Runtime\Cache\Home\7db034f9d07ec462d1ce4a81ef2919a4.php 第 116 行.
NOTIC: [8] Use of undefined constant name - assumed 'name' C:\www\yiyuan\Runtime\Cache\Home\7db034f9d07ec462d1ce4a81ef2919a4.php 第 116 行.
NOTIC: [8] Undefined index: Card C:\www\yiyuan\Runtime\Cache\Home\7db034f9d07ec462d1ce4a81ef2919a4.php 第 116 行.
NOTIC: [8] Use of undefined constant addons_url - assumed 'addons_url' C:\www\yiyuan\Runtime\Cache\Home\7db034f9d07ec462d1ce4a81ef2919a4.php 第 116 行.
NOTIC: [8] Use of undefined constant name - assumed 'name' C:\www\yiyuan\Runtime\Cache\Home\7db034f9d07ec462d1ce4a81ef2919a4.php 第 116 行.
NOTIC: [8] Undefined index: Leaflets C:\www\yiyuan\Runtime\Cache\Home\7db034f9d07ec462d1ce4a81ef2919a4.php 第 116 行.
NOTIC: [8] Use of undefined constant addons_url - assumed 'addons_url' C:\www\yiyuan\Runtime\Cache\Home\7db034f9d07ec462d1ce4a81ef2919a4.php 第 116 行.
NOTIC: [8] Use of undefined constant name - assumed 'name' C:\www\yiyuan\Runtime\Cache\Home\7db034f9d07ec462d1ce4a81ef2919a4.php 第 116 行.
NOTIC: [8] Undefined index: CustomReply C:\www\yiyuan\Runtime\Cache\Home\7db034f9d07ec462d1ce4a81ef2919a4.php 第 116 行.
NOTIC: [8] Use of undefined constant addons_url - assumed 'addons_url' C:\www\yiyuan\Runtime\Cache\Home\7db034f9d07ec462d1ce4a81ef2919a4.php 第 116 行.
NOTIC: [8] Use of undefined constant name - assumed 'name' C:\www\yiyuan\Runtime\Cache\Home\7db034f9d07ec462d1ce4a81ef2919a4.php 第 116 行.
NOTIC: [8] Undefined index: Tongji C:\www\yiyuan\Runtime\Cache\Home\7db034f9d07ec462d1ce4a81ef2919a4.php 第 116 行.
NOTIC: [8] Use of undefined constant addons_url - assumed 'addons_url' C:\www\yiyuan\Runtime\Cache\Home\7db034f9d07ec462d1ce4a81ef2919a4.php 第 116 行.
NOTIC: [8] Use of undefined constant name - assumed 'name' C:\www\yiyuan\Runtime\Cache\Home\7db034f9d07ec462d1ce4a81ef2919a4.php 第 116 行.
NOTIC: [8] Undefined index: Vote C:\www\yiyuan\Runtime\Cache\Home\7db034f9d07ec462d1ce4a81ef2919a4.php 第 116 行.
NOTIC: [8] Use of undefined constant addons_url - assumed 'addons_url' C:\www\yiyuan\Runtime\Cache\Home\7db034f9d07ec462d1ce4a81ef2919a4.php 第 116 行.
NOTIC: [8] Use of undefined constant name - assumed 'name' C:\www\yiyuan\Runtime\Cache\Home\7db034f9d07ec462d1ce4a81ef2919a4.php 第 116 行.
NOTIC: [8] Undefined index: Suggestions C:\www\yiyuan\Runtime\Cache\Home\7db034f9d07ec462d1ce4a81ef2919a4.php 第 116 行.
NOTIC: [8] Use of undefined constant addons_url - assumed 'addons_url' C:\www\yiyuan\Runtime\Cache\Home\7db034f9d07ec462d1ce4a81ef2919a4.php 第 116 行.
NOTIC: [8] Use of undefined constant name - assumed 'name' C:\www\yiyuan\Runtime\Cache\Home\7db034f9d07ec462d1ce4a81ef2919a4.php 第 116 行.
NOTIC: [8] Undefined index: Survey C:\www\yiyuan\Runtime\Cache\Home\7db034f9d07ec462d1ce4a81ef2919a4.php 第 116 行.
NOTIC: [8] Use of undefined constant addons_url - assumed 'addons_url' C:\www\yiyuan\Runtime\Cache\Home\7db034f9d07ec462d1ce4a81ef2919a4.php 第 116 行.
NOTIC: [8] Use of undefined constant name - assumed 'name' C:\www\yiyuan\Runtime\Cache\Home\7db034f9d07ec462d1ce4a81ef2919a4.php 第 116 行.
NOTIC: [8] Undefined index: Coupon C:\www\yiyuan\Runtime\Cache\Home\7db034f9d07ec462d1ce4a81ef2919a4.php 第 116 行.
NOTIC: [8] Use of undefined constant addons_url - assumed 'addons_url' C:\www\yiyuan\Runtime\Cache\Home\7db034f9d07ec462d1ce4a81ef2919a4.php 第 116 行.
NOTIC: [8] Use of undefined constant name - assumed 'name' C:\www\yiyuan\Runtime\Cache\Home\7db034f9d07ec462d1ce4a81ef2919a4.php 第 116 行.
NOTIC: [8] Undefined index: Scratch C:\www\yiyuan\Runtime\Cache\Home\7db034f9d07ec462d1ce4a81ef2919a4.php 第 116 行.
NOTIC: [8] Use of undefined constant addons_url - assumed 'addons_url' C:\www\yiyuan\Runtime\Cache\Home\7db034f9d07ec462d1ce4a81ef2919a4.php 第 116 行.
NOTIC: [8] Use of undefined constant name - assumed 'name' C:\www\yiyuan\Runtime\Cache\Home\7db034f9d07ec462d1ce4a81ef2919a4.php 第 116 行.
NOTIC: [8] Undefined index: Exam C:\www\yiyuan\Runtime\Cache\Home\7db034f9d07ec462d1ce4a81ef2919a4.php 第 116 行.
NOTIC: [8] Use of undefined constant addons_url - assumed 'addons_url' C:\www\yiyuan\Runtime\Cache\Home\7db034f9d07ec462d1ce4a81ef2919a4.php 第 116 行.
NOTIC: [8] Use of undefined constant name - assumed 'name' C:\www\yiyuan\Runtime\Cache\Home\7db034f9d07ec462d1ce4a81ef2919a4.php 第 116 行.
NOTIC: [8] Undefined index: Test C:\www\yiyuan\Runtime\Cache\Home\7db034f9d07ec462d1ce4a81ef2919a4.php 第 116 行.
NOTIC: [8] Use of undefined constant addons_url - assumed 'addons_url' C:\www\yiyuan\Runtime\Cache\Home\7db034f9d07ec462d1ce4a81ef2919a4.php 第 116 行.
NOTIC: [8] Use of undefined constant name - assumed 'name' C:\www\yiyuan\Runtime\Cache\Home\7db034f9d07ec462d1ce4a81ef2919a4.php 第 116 行.
NOTIC: [8] Undefined index: YouaskService C:\www\yiyuan\Runtime\Cache\Home\7db034f9d07ec462d1ce4a81ef2919a4.php 第 116 行.
NOTIC: [8] Use of undefined constant addons_url - assumed 'addons_url' C:\www\yiyuan\Runtime\Cache\Home\7db034f9d07ec462d1ce4a81ef2919a4.php 第 116 行.
NOTIC: [8] Use of undefined constant name - assumed 'name' C:\www\yiyuan\Runtime\Cache\Home\7db034f9d07ec462d1ce4a81ef2919a4.php 第 116 行.
NOTIC: [8] Undefined index: Robot C:\www\yiyuan\Runtime\Cache\Home\7db034f9d07ec462d1ce4a81ef2919a4.php 第 116 行.
NOTIC: [8] Use of undefined constant addons_url - assumed 'addons_url' C:\www\yiyuan\Runtime\Cache\Home\7db034f9d07ec462d1ce4a81ef2919a4.php 第 116 行.
NOTIC: [8] Use of undefined constant name - assumed 'name' C:\www\yiyuan\Runtime\Cache\Home\7db034f9d07ec462d1ce4a81ef2919a4.php 第 116 行.
NOTIC: [8] Undefined index: Extensions C:\www\yiyuan\Runtime\Cache\Home\7db034f9d07ec462d1ce4a81ef2919a4.php 第 116 行.
NOTIC: [8] Use of undefined constant addons_url - assumed 'addons_url' C:\www\yiyuan\Runtime\Cache\Home\7db034f9d07ec462d1ce4a81ef2919a4.php 第 116 行.
NOTIC: [8] Use of undefined constant name - assumed 'name' C:\www\yiyuan\Runtime\Cache\Home\7db034f9d07ec462d1ce4a81ef2919a4.php 第 116 行.
NOTIC: [8] Undefined index: WeiSite C:\www\yiyuan\Runtime\Cache\Home\7db034f9d07ec462d1ce4a81ef2919a4.php 第 116 行.
NOTIC: [8] Use of undefined constant addons_url - assumed 'addons_url' C:\www\yiyuan\Runtime\Cache\Home\7db034f9d07ec462d1ce4a81ef2919a4.php 第 116 行.
NOTIC: [8] Use of undefined constant name - assumed 'name' C:\www\yiyuan\Runtime\Cache\Home\7db034f9d07ec462d1ce4a81ef2919a4.php 第 116 行.
NOTIC: [8] Undefined index: Forms C:\www\yiyuan\Runtime\Cache\Home\7db034f9d07ec462d1ce4a81ef2919a4.php 第 116 行.
NOTIC: [8] Use of undefined constant addons_url - assumed 'addons_url' C:\www\yiyuan\Runtime\Cache\Home\7db034f9d07ec462d1ce4a81ef2919a4.php 第 116 行.
NOTIC: [8] Use of undefined constant name - assumed 'name' C:\www\yiyuan\Runtime\Cache\Home\7db034f9d07ec462d1ce4a81ef2919a4.php 第 125 行.
NOTIC: [8] Undefined index: HelloWorld C:\www\yiyuan\Runtime\Cache\Home\7db034f9d07ec462d1ce4a81ef2919a4.php 第 125 行.
NOTIC: [8] Use of undefined constant addons_url - assumed 'addons_url' C:\www\yiyuan\Runtime\Cache\Home\7db034f9d07ec462d1ce4a81ef2919a4.php 第 125 行.
NOTIC: [8] Undefined variable: id C:\www\yiyuan\Runtime\Cache\Home\7db034f9d07ec462d1ce4a81ef2919a4.php 第 140 行.
NOTIC: [8] Undefined variable: info C:\www\yiyuan\Runtime\Cache\Home\7db034f9d07ec462d1ce4a81ef2919a4.php 第 152 行.
NOTIC: [8] Undefined variable: info C:\www\yiyuan\Runtime\Cache\Home\7db034f9d07ec462d1ce4a81ef2919a4.php 第 158 行.
NOTIC: [8] Undefined variable: info C:\www\yiyuan\Runtime\Cache\Home\7db034f9d07ec462d1ce4a81ef2919a4.php 第 164 行.
NOTIC: [8] Undefined variable: info C:\www\yiyuan\Runtime\Cache\Home\7db034f9d07ec462d1ce4a81ef2919a4.php 第 172 行.
NOTIC: [8] Undefined variable: info C:\www\yiyuan\Runtime\Cache\Home\7db034f9d07ec462d1ce4a81ef2919a4.php 第 177 行.
NOTIC: [8] Undefined variable: info C:\www\yiyuan\Runtime\Cache\Home\7db034f9d07ec462d1ce4a81ef2919a4.php 第 183 行.
NOTIC: [8] Undefined variable: info C:\www\yiyuan\Runtime\Cache\Home\7db034f9d07ec462d1ce4a81ef2919a4.php 第 188 行.
NOTIC: [8] Undefined variable: info C:\www\yiyuan\Runtime\Cache\Home\7db034f9d07ec462d1ce4a81ef2919a4.php 第 194 行.
NOTIC: [8] Undefined variable: info C:\www\yiyuan\Runtime\Cache\Home\7db034f9d07ec462d1ce4a81ef2919a4.php 第 199 行.
NOTIC: [8] Undefined variable: id C:\www\yiyuan\Runtime\Cache\Home\7db034f9d07ec462d1ce4a81ef2919a4.php 第 206 行.
INFO: [ pageFooter ] --START--
SQL: SELECT `addon_config` FROM `wp_member_public` WHERE ( `token` = -1 ) LIMIT 1   [ RunTime:0.000000s ]
SQL: SHOW COLUMNS FROM `wp_addons` [ RunTime:0.004001s ]
SQL: SELECT `config` FROM `wp_addons` WHERE ( `name` = 'BaiduStatistics' ) AND ( `status` = 1 ) LIMIT 1   [ RunTime:0.001000s ]
INFO: Run BaiduStatistics [ RunTime:0.010001s ]
INFO: [ pageFooter ] --END-- [ RunTime:0.010001s ]
INFO: Run Behavior\ParseTemplate [ RunTime:0.138008s ]
INFO: [ view_parse ] --END-- [ RunTime:0.139008s ]
INFO: [ view_filter ] --START--
INFO: Run Behavior\WriteHtmlCache [ RunTime:0.000000s ]
INFO: [ view_filter ] --END-- [ RunTime:0.000000s ]
INFO: [ view_end ] --START--
INFO: [ view_end ] --END-- [ RunTime:0.000000s ]
INFO: [ app_end ] --START--
INFO: Run Behavior\ShowPageTrace [ RunTime:0.001000s ]
INFO: [ app_end ] --END-- [ RunTime:0.001000s ]

[ 2015-09-04T18:52:35+08:00 ] 192.168.10.244 /index.php?s=/Home/website
NOTIC: [8192] mysql_connect(): The mysql extension is deprecated and will be removed in the future: use mysqli or PDO instead C:\www\yiyuan\ThinkPHP\Library\Think\Db\Driver\Mysql.class.php 第 52 行.
SQL: SHOW COLUMNS FROM `wp_member` [ RunTime:0.003000s ]
SQL: SELECT * FROM `wp_member` WHERE ( `uid` = 363 ) LIMIT 1   [ RunTime:0.001000s ]
NOTIC: [8] Undefined index: uid C:\www\yiyuan\ThinkPHP\Library\Think\Controller.class.php 第 140 行.
SQL: SHOW COLUMNS FROM `wp_member_public_link` [ RunTime:0.003000s ]
SQL: SELECT * FROM `wp_member_public_link` WHERE ( uid=363 ) ORDER BY is_use desc  [ RunTime:0.000000s ]
NOTIC: [2] Invalid argument supplied for foreach() C:\www\yiyuan\ThinkPHP\Library\Think\Controller.class.php 第 149 行.
INFO: [ view_begin ] --START--
INFO: [ view_begin ] --END-- [ RunTime:0.000000s ]
INFO: [ view_parse ] --START--
INFO: [ template_filter ] --START--
INFO: Run Behavior\ContentReplace [ RunTime:0.000000s ]
INFO: [ template_filter ] --END-- [ RunTime:0.001000s ]
INFO: Run Behavior\ParseTemplate [ RunTime:0.015001s ]
INFO: [ view_parse ] --END-- [ RunTime:0.015001s ]
INFO: [ view_filter ] --START--
INFO: Run Behavior\WriteHtmlCache [ RunTime:0.001000s ]
INFO: [ view_filter ] --END-- [ RunTime:0.001000s ]
INFO: [ view_end ] --START--
INFO: [ view_end ] --END-- [ RunTime:0.000000s ]
INFO: [ app_end ] --START--
INFO: Run Behavior\ShowPageTrace [ RunTime:0.000000s ]
INFO: [ app_end ] --END-- [ RunTime:0.001000s ]

[ 2015-09-04T18:52:51+08:00 ] 192.168.10.244 /index.php?s=/Home/website
NOTIC: [8192] mysql_connect(): The mysql extension is deprecated and will be removed in the future: use mysqli or PDO instead C:\www\yiyuan\ThinkPHP\Library\Think\Db\Driver\Mysql.class.php 第 52 行.
SQL: SHOW COLUMNS FROM `wp_member` [ RunTime:0.003000s ]
SQL: SELECT * FROM `wp_member` WHERE ( `uid` = 363 ) LIMIT 1   [ RunTime:0.001000s ]
NOTIC: [8] Undefined index: uid C:\www\yiyuan\ThinkPHP\Library\Think\Controller.class.php 第 140 行.
SQL: SHOW COLUMNS FROM `wp_member_public_link` [ RunTime:0.003000s ]
SQL: SELECT * FROM `wp_member_public_link` WHERE ( uid=363 ) ORDER BY is_use desc  [ RunTime:0.000000s ]
NOTIC: [2] Invalid argument supplied for foreach() C:\www\yiyuan\ThinkPHP\Library\Think\Controller.class.php 第 149 行.
INFO: [ view_begin ] --START--
INFO: [ view_begin ] --END-- [ RunTime:0.000000s ]
INFO: [ view_parse ] --START--
INFO: [ template_filter ] --START--
INFO: Run Behavior\ContentReplace [ RunTime:0.000000s ]
INFO: [ template_filter ] --END-- [ RunTime:0.000000s ]
INFO: Run Behavior\ParseTemplate [ RunTime:0.016001s ]
INFO: [ view_parse ] --END-- [ RunTime:0.016001s ]
INFO: [ view_filter ] --START--
INFO: Run Behavior\WriteHtmlCache [ RunTime:0.000000s ]
INFO: [ view_filter ] --END-- [ RunTime:0.000000s ]
INFO: [ view_end ] --START--
INFO: [ view_end ] --END-- [ RunTime:0.000000s ]
INFO: [ app_end ] --START--
INFO: Run Behavior\ShowPageTrace [ RunTime:0.000000s ]
INFO: [ app_end ] --END-- [ RunTime:0.000000s ]

[ 2015-09-04T18:52:52+08:00 ] 192.168.10.244 /index.php?s=/Home/website
NOTIC: [8192] mysql_connect(): The mysql extension is deprecated and will be removed in the future: use mysqli or PDO instead C:\www\yiyuan\ThinkPHP\Library\Think\Db\Driver\Mysql.class.php 第 52 行.
SQL: SHOW COLUMNS FROM `wp_member` [ RunTime:0.004000s ]
SQL: SELECT * FROM `wp_member` WHERE ( `uid` = 363 ) LIMIT 1   [ RunTime:0.001000s ]
NOTIC: [8] Undefined index: uid C:\www\yiyuan\ThinkPHP\Library\Think\Controller.class.php 第 140 行.
SQL: SHOW COLUMNS FROM `wp_member_public_link` [ RunTime:0.003000s ]
SQL: SELECT * FROM `wp_member_public_link` WHERE ( uid=363 ) ORDER BY is_use desc  [ RunTime:0.000000s ]
NOTIC: [2] Invalid argument supplied for foreach() C:\www\yiyuan\ThinkPHP\Library\Think\Controller.class.php 第 149 行.
INFO: [ view_begin ] --START--
INFO: [ view_begin ] --END-- [ RunTime:0.000000s ]
INFO: [ view_parse ] --START--
INFO: [ template_filter ] --START--
INFO: Run Behavior\ContentReplace [ RunTime:0.000000s ]
INFO: [ template_filter ] --END-- [ RunTime:0.000000s ]
INFO: Run Behavior\ParseTemplate [ RunTime:0.012001s ]
INFO: [ view_parse ] --END-- [ RunTime:0.012001s ]
INFO: [ view_filter ] --START--
INFO: Run Behavior\WriteHtmlCache [ RunTime:0.000000s ]
INFO: [ view_filter ] --END-- [ RunTime:0.000000s ]
INFO: [ view_end ] --START--
INFO: [ view_end ] --END-- [ RunTime:0.000000s ]
INFO: [ app_end ] --START--
INFO: Run Behavior\ShowPageTrace [ RunTime:0.000000s ]
INFO: [ app_end ] --END-- [ RunTime:0.000000s ]

[ 2015-09-04T18:52:52+08:00 ] 192.168.10.244 /index.php?s=/Home/website
NOTIC: [8192] mysql_connect(): The mysql extension is deprecated and will be removed in the future: use mysqli or PDO instead C:\www\yiyuan\ThinkPHP\Library\Think\Db\Driver\Mysql.class.php 第 52 行.
SQL: SHOW COLUMNS FROM `wp_member` [ RunTime:0.004000s ]
SQL: SELECT * FROM `wp_member` WHERE ( `uid` = 363 ) LIMIT 1   [ RunTime:0.000000s ]
NOTIC: [8] Undefined index: uid C:\www\yiyuan\ThinkPHP\Library\Think\Controller.class.php 第 140 行.
SQL: SHOW COLUMNS FROM `wp_member_public_link` [ RunTime:0.005001s ]
SQL: SELECT * FROM `wp_member_public_link` WHERE ( uid=363 ) ORDER BY is_use desc  [ RunTime:0.000000s ]
NOTIC: [2] Invalid argument supplied for foreach() C:\www\yiyuan\ThinkPHP\Library\Think\Controller.class.php 第 149 行.
INFO: [ view_begin ] --START--
INFO: [ view_begin ] --END-- [ RunTime:0.001000s ]
INFO: [ view_parse ] --START--
INFO: [ template_filter ] --START--
INFO: Run Behavior\ContentReplace [ RunTime:0.000000s ]
INFO: [ template_filter ] --END-- [ RunTime:0.001000s ]
INFO: Run Behavior\ParseTemplate [ RunTime:0.013000s ]
INFO: [ view_parse ] --END-- [ RunTime:0.015001s ]
INFO: [ view_filter ] --START--
INFO: Run Behavior\WriteHtmlCache [ RunTime:0.000000s ]
INFO: [ view_filter ] --END-- [ RunTime:0.000000s ]
INFO: [ view_end ] --START--
INFO: [ view_end ] --END-- [ RunTime:0.000000s ]
INFO: [ app_end ] --START--
INFO: Run Behavior\ShowPageTrace [ RunTime:0.000000s ]
INFO: [ app_end ] --END-- [ RunTime:0.001000s ]

[ 2015-09-04T18:52:52+08:00 ] 192.168.10.244 /index.php?s=/Home/website
NOTIC: [8192] mysql_connect(): The mysql extension is deprecated and will be removed in the future: use mysqli or PDO instead C:\www\yiyuan\ThinkPHP\Library\Think\Db\Driver\Mysql.class.php 第 52 行.
SQL: SHOW COLUMNS FROM `wp_member` [ RunTime:0.003000s ]
SQL: SELECT * FROM `wp_member` WHERE ( `uid` = 363 ) LIMIT 1   [ RunTime:0.001000s ]
NOTIC: [8] Undefined index: uid C:\www\yiyuan\ThinkPHP\Library\Think\Controller.class.php 第 140 行.
SQL: SHOW COLUMNS FROM `wp_member_public_link` [ RunTime:0.004000s ]
SQL: SELECT * FROM `wp_member_public_link` WHERE ( uid=363 ) ORDER BY is_use desc  [ RunTime:0.000000s ]
NOTIC: [2] Invalid argument supplied for foreach() C:\www\yiyuan\ThinkPHP\Library\Think\Controller.class.php 第 149 行.
INFO: [ view_begin ] --START--
INFO: [ view_begin ] --END-- [ RunTime:0.000000s ]
INFO: [ view_parse ] --START--
INFO: [ template_filter ] --START--
INFO: Run Behavior\ContentReplace [ RunTime:0.000000s ]
INFO: [ template_filter ] --END-- [ RunTime:0.001000s ]
INFO: Run Behavior\ParseTemplate [ RunTime:0.017001s ]
INFO: [ view_parse ] --END-- [ RunTime:0.017001s ]
INFO: [ view_filter ] --START--
INFO: Run Behavior\WriteHtmlCache [ RunTime:0.000000s ]
INFO: [ view_filter ] --END-- [ RunTime:0.001000s ]
INFO: [ view_end ] --START--
INFO: [ view_end ] --END-- [ RunTime:0.000000s ]
INFO: [ app_end ] --START--
INFO: Run Behavior\ShowPageTrace [ RunTime:0.001000s ]
INFO: [ app_end ] --END-- [ RunTime:0.001000s ]

[ 2015-09-04T18:52:53+08:00 ] 192.168.10.244 /index.php?s=/Home/website
NOTIC: [8192] mysql_connect(): The mysql extension is deprecated and will be removed in the future: use mysqli or PDO instead C:\www\yiyuan\ThinkPHP\Library\Think\Db\Driver\Mysql.class.php 第 52 行.
SQL: SHOW COLUMNS FROM `wp_member` [ RunTime:0.003000s ]
SQL: SELECT * FROM `wp_member` WHERE ( `uid` = 363 ) LIMIT 1   [ RunTime:0.001000s ]
NOTIC: [8] Undefined index: uid C:\www\yiyuan\ThinkPHP\Library\Think\Controller.class.php 第 140 行.
SQL: SHOW COLUMNS FROM `wp_member_public_link` [ RunTime:0.004000s ]
SQL: SELECT * FROM `wp_member_public_link` WHERE ( uid=363 ) ORDER BY is_use desc  [ RunTime:0.000000s ]
NOTIC: [2] Invalid argument supplied for foreach() C:\www\yiyuan\ThinkPHP\Library\Think\Controller.class.php 第 149 行.
INFO: [ view_begin ] --START--
INFO: [ view_begin ] --END-- [ RunTime:0.000000s ]
INFO: [ view_parse ] --START--
INFO: [ template_filter ] --START--
INFO: Run Behavior\ContentReplace [ RunTime:0.000000s ]
INFO: [ template_filter ] --END-- [ RunTime:0.000000s ]
INFO: Run Behavior\ParseTemplate [ RunTime:0.013001s ]
INFO: [ view_parse ] --END-- [ RunTime:0.013001s ]
INFO: [ view_filter ] --START--
INFO: Run Behavior\WriteHtmlCache [ RunTime:0.000000s ]
INFO: [ view_filter ] --END-- [ RunTime:0.001000s ]
INFO: [ view_end ] --START--
INFO: [ view_end ] --END-- [ RunTime:0.000000s ]
INFO: [ app_end ] --START--
INFO: Run Behavior\ShowPageTrace [ RunTime:0.000000s ]
INFO: [ app_end ] --END-- [ RunTime:0.001000s ]

[ 2015-09-04T19:02:51+08:00 ] 192.168.10.244 /index.php?s=/Home/website
NOTIC: [8192] mysql_connect(): The mysql extension is deprecated and will be removed in the future: use mysqli or PDO instead C:\www\yiyuan\ThinkPHP\Library\Think\Db\Driver\Mysql.class.php 第 52 行.
SQL: SHOW COLUMNS FROM `wp_member` [ RunTime:0.004000s ]
SQL: SELECT * FROM `wp_member` WHERE ( `uid` = 363 ) LIMIT 1   [ RunTime:0.001000s ]
NOTIC: [8] Undefined index: uid C:\www\yiyuan\ThinkPHP\Library\Think\Controller.class.php 第 140 行.
SQL: SHOW COLUMNS FROM `wp_member_public_link` [ RunTime:0.004000s ]
SQL: SELECT * FROM `wp_member_public_link` WHERE ( uid=363 ) ORDER BY is_use desc  [ RunTime:0.000000s ]
NOTIC: [2] Invalid argument supplied for foreach() C:\www\yiyuan\ThinkPHP\Library\Think\Controller.class.php 第 149 行.
INFO: [ view_begin ] --START--
INFO: [ view_begin ] --END-- [ RunTime:0.000000s ]
INFO: [ view_parse ] --START--
INFO: [ template_filter ] --START--
INFO: Run Behavior\ContentReplace [ RunTime:0.000000s ]
INFO: [ template_filter ] --END-- [ RunTime:0.000000s ]
INFO: Run Behavior\ParseTemplate [ RunTime:0.013000s ]
INFO: [ view_parse ] --END-- [ RunTime:0.014000s ]
INFO: [ view_filter ] --START--
INFO: Run Behavior\WriteHtmlCache [ RunTime:0.000000s ]
INFO: [ view_filter ] --END-- [ RunTime:0.000000s ]
INFO: [ view_end ] --START--
INFO: [ view_end ] --END-- [ RunTime:0.000000s ]
INFO: [ app_end ] --START--
INFO: Run Behavior\ShowPageTrace [ RunTime:0.000000s ]
INFO: [ app_end ] --END-- [ RunTime:0.001000s ]

[ 2015-09-04T19:02:53+08:00 ] 192.168.10.244 /index.php?s=/Home/website
NOTIC: [8192] mysql_connect(): The mysql extension is deprecated and will be removed in the future: use mysqli or PDO instead C:\www\yiyuan\ThinkPHP\Library\Think\Db\Driver\Mysql.class.php 第 52 行.
SQL: SHOW COLUMNS FROM `wp_member` [ RunTime:0.006000s ]
SQL: SELECT * FROM `wp_member` WHERE ( `uid` = 363 ) LIMIT 1   [ RunTime:0.001000s ]
NOTIC: [8] Undefined index: uid C:\www\yiyuan\ThinkPHP\Library\Think\Controller.class.php 第 140 行.
SQL: SHOW COLUMNS FROM `wp_member_public_link` [ RunTime:0.004001s ]
SQL: SELECT * FROM `wp_member_public_link` WHERE ( uid=363 ) ORDER BY is_use desc  [ RunTime:0.001000s ]
NOTIC: [2] Invalid argument supplied for foreach() C:\www\yiyuan\ThinkPHP\Library\Think\Controller.class.php 第 149 行.
INFO: [ view_begin ] --START--
INFO: [ view_begin ] --END-- [ RunTime:0.000000s ]
INFO: [ view_parse ] --START--
INFO: [ template_filter ] --START--
INFO: Run Behavior\ContentReplace [ RunTime:0.000000s ]
INFO: [ template_filter ] --END-- [ RunTime:0.001000s ]
INFO: Run Behavior\ParseTemplate [ RunTime:0.013001s ]
INFO: [ view_parse ] --END-- [ RunTime:0.013001s ]
INFO: [ view_filter ] --START--
INFO: Run Behavior\WriteHtmlCache [ RunTime:0.001000s ]
INFO: [ view_filter ] --END-- [ RunTime:0.001000s ]
INFO: [ view_end ] --START--
INFO: [ view_end ] --END-- [ RunTime:0.000000s ]
INFO: [ app_end ] --START--
INFO: Run Behavior\ShowPageTrace [ RunTime:0.001000s ]
INFO: [ app_end ] --END-- [ RunTime:0.001000s ]

[ 2015-09-04T19:02:54+08:00 ] 192.168.10.244 /index.php?s=/Home/website
NOTIC: [8192] mysql_connect(): The mysql extension is deprecated and will be removed in the future: use mysqli or PDO instead C:\www\yiyuan\ThinkPHP\Library\Think\Db\Driver\Mysql.class.php 第 52 行.
SQL: SHOW COLUMNS FROM `wp_member` [ RunTime:0.005000s ]
SQL: SELECT * FROM `wp_member` WHERE ( `uid` = 363 ) LIMIT 1   [ RunTime:0.001000s ]
NOTIC: [8] Undefined index: uid C:\www\yiyuan\ThinkPHP\Library\Think\Controller.class.php 第 140 行.
SQL: SHOW COLUMNS FROM `wp_member_public_link` [ RunTime:0.004001s ]
SQL: SELECT * FROM `wp_member_public_link` WHERE ( uid=363 ) ORDER BY is_use desc  [ RunTime:0.001000s ]
NOTIC: [2] Invalid argument supplied for foreach() C:\www\yiyuan\ThinkPHP\Library\Think\Controller.class.php 第 149 行.
INFO: [ view_begin ] --START--
INFO: [ view_begin ] --END-- [ RunTime:0.001000s ]
INFO: [ view_parse ] --START--
INFO: [ template_filter ] --START--
INFO: Run Behavior\ContentReplace [ RunTime:0.000000s ]
INFO: [ template_filter ] --END-- [ RunTime:0.000000s ]
INFO: Run Behavior\ParseTemplate [ RunTime:0.012001s ]
INFO: [ view_parse ] --END-- [ RunTime:0.013001s ]
INFO: [ view_filter ] --START--
INFO: Run Behavior\WriteHtmlCache [ RunTime:0.001000s ]
INFO: [ view_filter ] --END-- [ RunTime:0.001000s ]
INFO: [ view_end ] --START--
INFO: [ view_end ] --END-- [ RunTime:0.000000s ]
INFO: [ app_end ] --START--
INFO: Run Behavior\ShowPageTrace [ RunTime:0.000000s ]
INFO: [ app_end ] --END-- [ RunTime:0.001000s ]

[ 2015-09-04T19:03:36+08:00 ] 192.168.10.244 /index.php?s=/Home/website
NOTIC: [8192] mysql_connect(): The mysql extension is deprecated and will be removed in the future: use mysqli or PDO instead C:\www\yiyuan\ThinkPHP\Library\Think\Db\Driver\Mysql.class.php 第 52 行.
SQL: SHOW COLUMNS FROM `wp_member` [ RunTime:0.004000s ]
SQL: SELECT * FROM `wp_member` WHERE ( `uid` = 363 ) LIMIT 1   [ RunTime:0.001000s ]
NOTIC: [8] Undefined index: uid C:\www\yiyuan\ThinkPHP\Library\Think\Controller.class.php 第 140 行.
SQL: SHOW COLUMNS FROM `wp_member_public_link` [ RunTime:0.004001s ]
SQL: SELECT * FROM `wp_member_public_link` WHERE ( uid=363 ) ORDER BY is_use desc  [ RunTime:0.000000s ]
NOTIC: [2] Invalid argument supplied for foreach() C:\www\yiyuan\ThinkPHP\Library\Think\Controller.class.php 第 149 行.
INFO: [ view_begin ] --START--
INFO: [ view_begin ] --END-- [ RunTime:0.000000s ]
INFO: [ view_parse ] --START--
INFO: [ template_filter ] --START--
INFO: Run Behavior\ContentReplace [ RunTime:0.001001s ]
INFO: [ template_filter ] --END-- [ RunTime:0.001001s ]
INFO: Run Behavior\ParseTemplate [ RunTime:0.013001s ]
INFO: [ view_parse ] --END-- [ RunTime:0.014001s ]
INFO: [ view_filter ] --START--
INFO: Run Behavior\WriteHtmlCache [ RunTime:0.000000s ]
INFO: [ view_filter ] --END-- [ RunTime:0.000000s ]
INFO: [ view_end ] --START--
INFO: [ view_end ] --END-- [ RunTime:0.001000s ]
INFO: [ app_end ] --START--
INFO: Run Behavior\ShowPageTrace [ RunTime:0.000000s ]
INFO: [ app_end ] --END-- [ RunTime:0.000000s ]

[ 2015-09-04T19:05:00+08:00 ] 192.168.10.244 /index.php?s=/Home/website
NOTIC: [8192] mysql_connect(): The mysql extension is deprecated and will be removed in the future: use mysqli or PDO instead C:\www\yiyuan\ThinkPHP\Library\Think\Db\Driver\Mysql.class.php 第 52 行.
SQL: SHOW COLUMNS FROM `wp_member` [ RunTime:0.005000s ]
SQL: SELECT * FROM `wp_member` WHERE ( `uid` = 363 ) LIMIT 1   [ RunTime:0.001000s ]
NOTIC: [8] Undefined index: uid C:\www\yiyuan\ThinkPHP\Library\Think\Controller.class.php 第 140 行.
SQL: SHOW COLUMNS FROM `wp_member_public_link` [ RunTime:0.005000s ]
SQL: SELECT * FROM `wp_member_public_link` WHERE ( uid=363 ) ORDER BY is_use desc  [ RunTime:0.001000s ]
NOTIC: [2] Invalid argument supplied for foreach() C:\www\yiyuan\ThinkPHP\Library\Think\Controller.class.php 第 149 行.
INFO: [ view_begin ] --START--
INFO: [ view_begin ] --END-- [ RunTime:0.000000s ]
INFO: [ view_parse ] --START--
INFO: [ template_filter ] --START--
INFO: Run Behavior\ContentReplace [ RunTime:0.001000s ]
INFO: [ template_filter ] --END-- [ RunTime:0.001000s ]
INFO: Run Behavior\ParseTemplate [ RunTime:0.013001s ]
INFO: [ view_parse ] --END-- [ RunTime:0.013001s ]
INFO: [ view_filter ] --START--
INFO: Run Behavior\WriteHtmlCache [ RunTime:0.000000s ]
INFO: [ view_filter ] --END-- [ RunTime:0.000000s ]
INFO: [ view_end ] --START--
INFO: [ view_end ] --END-- [ RunTime:0.000000s ]
INFO: [ app_end ] --START--
INFO: Run Behavior\ShowPageTrace [ RunTime:0.000000s ]
INFO: [ app_end ] --END-- [ RunTime:0.000000s ]

[ 2015-09-04T19:05:24+08:00 ] 192.168.10.244 /index.php?s=/Home/website
NOTIC: [8192] mysql_connect(): The mysql extension is deprecated and will be removed in the future: use mysqli or PDO instead C:\www\yiyuan\ThinkPHP\Library\Think\Db\Driver\Mysql.class.php 第 52 行.
SQL: SHOW COLUMNS FROM `wp_member` [ RunTime:0.004000s ]
SQL: SELECT * FROM `wp_member` WHERE ( `uid` = 363 ) LIMIT 1   [ RunTime:0.000000s ]
NOTIC: [8] Undefined index: uid C:\www\yiyuan\ThinkPHP\Library\Think\Controller.class.php 第 140 行.
SQL: SHOW COLUMNS FROM `wp_member_public_link` [ RunTime:0.006000s ]
SQL: SELECT * FROM `wp_member_public_link` WHERE ( uid=363 ) ORDER BY is_use desc  [ RunTime:0.001000s ]
NOTIC: [2] Invalid argument supplied for foreach() C:\www\yiyuan\ThinkPHP\Library\Think\Controller.class.php 第 149 行.
INFO: [ view_begin ] --START--
INFO: [ view_begin ] --END-- [ RunTime:0.000000s ]
INFO: [ view_parse ] --START--
INFO: [ template_filter ] --START--
INFO: Run Behavior\ContentReplace [ RunTime:0.000000s ]
INFO: [ template_filter ] --END-- [ RunTime:0.000000s ]
INFO: Run Behavior\ParseTemplate [ RunTime:0.015001s ]
INFO: [ view_parse ] --END-- [ RunTime:0.015001s ]
INFO: [ view_filter ] --START--
INFO: Run Behavior\WriteHtmlCache [ RunTime:0.000000s ]
INFO: [ view_filter ] --END-- [ RunTime:0.001000s ]
INFO: [ view_end ] --START--
INFO: [ view_end ] --END-- [ RunTime:0.000000s ]
INFO: [ app_end ] --START--
INFO: Run Behavior\ShowPageTrace [ RunTime:0.001000s ]
INFO: [ app_end ] --END-- [ RunTime:0.001000s ]

[ 2015-09-04T19:06:25+08:00 ] 192.168.10.244 /index.php?s=/Home/website
NOTIC: [8192] mysql_connect(): The mysql extension is deprecated and will be removed in the future: use mysqli or PDO instead C:\www\yiyuan\ThinkPHP\Library\Think\Db\Driver\Mysql.class.php 第 52 行.
SQL: SHOW COLUMNS FROM `wp_member` [ RunTime:0.004000s ]
SQL: SELECT * FROM `wp_member` WHERE ( `uid` = 363 ) LIMIT 1   [ RunTime:0.002000s ]
NOTIC: [8] Undefined index: uid C:\www\yiyuan\ThinkPHP\Library\Think\Controller.class.php 第 140 行.
SQL: SHOW COLUMNS FROM `wp_member_public_link` [ RunTime:0.005001s ]
SQL: SELECT * FROM `wp_member_public_link` WHERE ( uid=363 ) ORDER BY is_use desc  [ RunTime:0.000000s ]
NOTIC: [2] Invalid argument supplied for foreach() C:\www\yiyuan\ThinkPHP\Library\Think\Controller.class.php 第 149 行.
INFO: [ view_begin ] --START--
INFO: [ view_begin ] --END-- [ RunTime:0.000000s ]
INFO: [ view_parse ] --START--
INFO: [ template_filter ] --START--
INFO: Run Behavior\ContentReplace [ RunTime:0.000000s ]
INFO: [ template_filter ] --END-- [ RunTime:0.000000s ]
INFO: Run Behavior\ParseTemplate [ RunTime:0.015001s ]
INFO: [ view_parse ] --END-- [ RunTime:0.015001s ]
INFO: [ view_filter ] --START--
INFO: Run Behavior\WriteHtmlCache [ RunTime:0.000000s ]
INFO: [ view_filter ] --END-- [ RunTime:0.000000s ]
INFO: [ view_end ] --START--
INFO: [ view_end ] --END-- [ RunTime:0.000000s ]
INFO: [ app_end ] --START--
INFO: Run Behavior\ShowPageTrace [ RunTime:0.001000s ]
INFO: [ app_end ] --END-- [ RunTime:0.001000s ]

[ 2015-09-04T19:06:27+08:00 ] 192.168.10.244 /index.php?s=/Home/website
NOTIC: [8192] mysql_connect(): The mysql extension is deprecated and will be removed in the future: use mysqli or PDO instead C:\www\yiyuan\ThinkPHP\Library\Think\Db\Driver\Mysql.class.php 第 52 行.
SQL: SHOW COLUMNS FROM `wp_member` [ RunTime:0.004000s ]
SQL: SELECT * FROM `wp_member` WHERE ( `uid` = 363 ) LIMIT 1   [ RunTime:0.000000s ]
NOTIC: [8] Undefined index: uid C:\www\yiyuan\ThinkPHP\Library\Think\Controller.class.php 第 140 行.
SQL: SHOW COLUMNS FROM `wp_member_public_link` [ RunTime:0.004000s ]
SQL: SELECT * FROM `wp_member_public_link` WHERE ( uid=363 ) ORDER BY is_use desc  [ RunTime:0.000000s ]
NOTIC: [2] Invalid argument supplied for foreach() C:\www\yiyuan\ThinkPHP\Library\Think\Controller.class.php 第 149 行.
INFO: [ view_begin ] --START--
INFO: [ view_begin ] --END-- [ RunTime:0.000000s ]
INFO: [ view_parse ] --START--
INFO: [ template_filter ] --START--
INFO: Run Behavior\ContentReplace [ RunTime:0.001000s ]
INFO: [ template_filter ] --END-- [ RunTime:0.001000s ]
INFO: Run Behavior\ParseTemplate [ RunTime:0.014001s ]
INFO: [ view_parse ] --END-- [ RunTime:0.015001s ]
INFO: [ view_filter ] --START--
INFO: Run Behavior\WriteHtmlCache [ RunTime:0.000000s ]
INFO: [ view_filter ] --END-- [ RunTime:0.000000s ]
INFO: [ view_end ] --START--
INFO: [ view_end ] --END-- [ RunTime:0.000000s ]
INFO: [ app_end ] --START--
INFO: Run Behavior\ShowPageTrace [ RunTime:0.000000s ]
INFO: [ app_end ] --END-- [ RunTime:0.000000s ]

[ 2015-09-04T19:06:28+08:00 ] 192.168.10.244 /index.php?s=/Home/website
NOTIC: [8192] mysql_connect(): The mysql extension is deprecated and will be removed in the future: use mysqli or PDO instead C:\www\yiyuan\ThinkPHP\Library\Think\Db\Driver\Mysql.class.php 第 52 行.
SQL: SHOW COLUMNS FROM `wp_member` [ RunTime:0.004000s ]
SQL: SELECT * FROM `wp_member` WHERE ( `uid` = 363 ) LIMIT 1   [ RunTime:0.001000s ]
NOTIC: [8] Undefined index: uid C:\www\yiyuan\ThinkPHP\Library\Think\Controller.class.php 第 140 行.
SQL: SHOW COLUMNS FROM `wp_member_public_link` [ RunTime:0.004000s ]
SQL: SELECT * FROM `wp_member_public_link` WHERE ( uid=363 ) ORDER BY is_use desc  [ RunTime:0.000000s ]
NOTIC: [2] Invalid argument supplied for foreach() C:\www\yiyuan\ThinkPHP\Library\Think\Controller.class.php 第 149 行.
INFO: [ view_begin ] --START--
INFO: [ view_begin ] --END-- [ RunTime:0.000000s ]
INFO: [ view_parse ] --START--
INFO: [ template_filter ] --START--
INFO: Run Behavior\ContentReplace [ RunTime:0.001000s ]
INFO: [ template_filter ] --END-- [ RunTime:0.001000s ]
INFO: Run Behavior\ParseTemplate [ RunTime:0.014000s ]
INFO: [ view_parse ] --END-- [ RunTime:0.015000s ]
INFO: [ view_filter ] --START--
INFO: Run Behavior\WriteHtmlCache [ RunTime:0.000000s ]
INFO: [ view_filter ] --END-- [ RunTime:0.000000s ]
INFO: [ view_end ] --START--
INFO: [ view_end ] --END-- [ RunTime:0.000000s ]
INFO: [ app_end ] --START--
INFO: Run Behavior\ShowPageTrace [ RunTime:0.000000s ]
INFO: [ app_end ] --END-- [ RunTime:0.001000s ]

[ 2015-09-04T19:06:28+08:00 ] 192.168.10.244 /index.php?s=/Home/website
NOTIC: [8192] mysql_connect(): The mysql extension is deprecated and will be removed in the future: use mysqli or PDO instead C:\www\yiyuan\ThinkPHP\Library\Think\Db\Driver\Mysql.class.php 第 52 行.
SQL: SHOW COLUMNS FROM `wp_member` [ RunTime:0.006001s ]
SQL: SELECT * FROM `wp_member` WHERE ( `uid` = 363 ) LIMIT 1   [ RunTime:0.001000s ]
NOTIC: [8] Undefined index: uid C:\www\yiyuan\ThinkPHP\Library\Think\Controller.class.php 第 140 行.
SQL: SHOW COLUMNS FROM `wp_member_public_link` [ RunTime:0.005000s ]
SQL: SELECT * FROM `wp_member_public_link` WHERE ( uid=363 ) ORDER BY is_use desc  [ RunTime:0.001000s ]
NOTIC: [2] Invalid argument supplied for foreach() C:\www\yiyuan\ThinkPHP\Library\Think\Controller.class.php 第 149 行.
INFO: [ view_begin ] --START--
INFO: [ view_begin ] --END-- [ RunTime:0.000000s ]
INFO: [ view_parse ] --START--
INFO: [ template_filter ] --START--
INFO: Run Behavior\ContentReplace [ RunTime:0.000000s ]
INFO: [ template_filter ] --END-- [ RunTime:0.001000s ]
INFO: Run Behavior\ParseTemplate [ RunTime:0.013001s ]
INFO: [ view_parse ] --END-- [ RunTime:0.013001s ]
INFO: [ view_filter ] --START--
INFO: Run Behavior\WriteHtmlCache [ RunTime:0.000000s ]
INFO: [ view_filter ] --END-- [ RunTime:0.000000s ]
INFO: [ view_end ] --START--
INFO: [ view_end ] --END-- [ RunTime:0.000000s ]
INFO: [ app_end ] --START--
INFO: Run Behavior\ShowPageTrace [ RunTime:0.001000s ]
INFO: [ app_end ] --END-- [ RunTime:0.001000s ]

[ 2015-09-04T19:06:28+08:00 ] 192.168.10.244 /index.php?s=/Home/website
NOTIC: [8192] mysql_connect(): The mysql extension is deprecated and will be removed in the future: use mysqli or PDO instead C:\www\yiyuan\ThinkPHP\Library\Think\Db\Driver\Mysql.class.php 第 52 行.
SQL: SHOW COLUMNS FROM `wp_member` [ RunTime:0.005000s ]
SQL: SELECT * FROM `wp_member` WHERE ( `uid` = 363 ) LIMIT 1   [ RunTime:0.000000s ]
NOTIC: [8] Undefined index: uid C:\www\yiyuan\ThinkPHP\Library\Think\Controller.class.php 第 140 行.
SQL: SHOW COLUMNS FROM `wp_member_public_link` [ RunTime:0.004000s ]
SQL: SELECT * FROM `wp_member_public_link` WHERE ( uid=363 ) ORDER BY is_use desc  [ RunTime:0.000000s ]
NOTIC: [2] Invalid argument supplied for foreach() C:\www\yiyuan\ThinkPHP\Library\Think\Controller.class.php 第 149 行.
INFO: [ view_begin ] --START--
INFO: [ view_begin ] --END-- [ RunTime:0.000000s ]
INFO: [ view_parse ] --START--
INFO: [ template_filter ] --START--
INFO: Run Behavior\ContentReplace [ RunTime:0.001000s ]
INFO: [ template_filter ] --END-- [ RunTime:0.001000s ]
INFO: Run Behavior\ParseTemplate [ RunTime:0.014000s ]
INFO: [ view_parse ] --END-- [ RunTime:0.015001s ]
INFO: [ view_filter ] --START--
INFO: Run Behavior\WriteHtmlCache [ RunTime:0.000000s ]
INFO: [ view_filter ] --END-- [ RunTime:0.001000s ]
INFO: [ view_end ] --START--
INFO: [ view_end ] --END-- [ RunTime:0.000000s ]
INFO: [ app_end ] --START--
INFO: Run Behavior\ShowPageTrace [ RunTime:0.001000s ]
INFO: [ app_end ] --END-- [ RunTime:0.001000s ]

[ 2015-09-04T19:06:44+08:00 ] 192.168.10.244 /index.php?s=/Home/website
NOTIC: [8192] mysql_connect(): The mysql extension is deprecated and will be removed in the future: use mysqli or PDO instead C:\www\yiyuan\ThinkPHP\Library\Think\Db\Driver\Mysql.class.php 第 52 行.
SQL: SHOW COLUMNS FROM `wp_member` [ RunTime:0.005000s ]
SQL: SELECT * FROM `wp_member` WHERE ( `uid` = 363 ) LIMIT 1   [ RunTime:0.001000s ]
NOTIC: [8] Undefined index: uid C:\www\yiyuan\ThinkPHP\Library\Think\Controller.class.php 第 140 行.
SQL: SHOW COLUMNS FROM `wp_member_public_link` [ RunTime:0.005001s ]
SQL: SELECT * FROM `wp_member_public_link` WHERE ( uid=363 ) ORDER BY is_use desc  [ RunTime:0.001000s ]
NOTIC: [2] Invalid argument supplied for foreach() C:\www\yiyuan\ThinkPHP\Library\Think\Controller.class.php 第 149 行.
INFO: [ view_begin ] --START--
INFO: [ view_begin ] --END-- [ RunTime:0.000000s ]
INFO: [ view_parse ] --START--
INFO: [ template_filter ] --START--
INFO: Run Behavior\ContentReplace [ RunTime:0.000000s ]
INFO: [ template_filter ] --END-- [ RunTime:0.001001s ]
INFO: Run Behavior\ParseTemplate [ RunTime:0.014001s ]
INFO: [ view_parse ] --END-- [ RunTime:0.014001s ]
INFO: [ view_filter ] --START--
INFO: Run Behavior\WriteHtmlCache [ RunTime:0.000000s ]
INFO: [ view_filter ] --END-- [ RunTime:0.001000s ]
INFO: [ view_end ] --START--
INFO: [ view_end ] --END-- [ RunTime:0.000000s ]
INFO: [ app_end ] --START--
INFO: Run Behavior\ShowPageTrace [ RunTime:0.001000s ]
INFO: [ app_end ] --END-- [ RunTime:0.001000s ]

[ 2015-09-04T19:06:45+08:00 ] 192.168.10.244 /index.php?s=/Home/website
NOTIC: [8192] mysql_connect(): The mysql extension is deprecated and will be removed in the future: use mysqli or PDO instead C:\www\yiyuan\ThinkPHP\Library\Think\Db\Driver\Mysql.class.php 第 52 行.
SQL: SHOW COLUMNS FROM `wp_member` [ RunTime:0.006001s ]
SQL: SELECT * FROM `wp_member` WHERE ( `uid` = 363 ) LIMIT 1   [ RunTime:0.001000s ]
NOTIC: [8] Undefined index: uid C:\www\yiyuan\ThinkPHP\Library\Think\Controller.class.php 第 140 行.
SQL: SHOW COLUMNS FROM `wp_member_public_link` [ RunTime:0.006000s ]
SQL: SELECT * FROM `wp_member_public_link` WHERE ( uid=363 ) ORDER BY is_use desc  [ RunTime:0.001000s ]
NOTIC: [2] Invalid argument supplied for foreach() C:\www\yiyuan\ThinkPHP\Library\Think\Controller.class.php 第 149 行.
INFO: [ view_begin ] --START--
INFO: [ view_begin ] --END-- [ RunTime:0.000000s ]
INFO: [ view_parse ] --START--
INFO: [ template_filter ] --START--
INFO: Run Behavior\ContentReplace [ RunTime:0.000000s ]
INFO: [ template_filter ] --END-- [ RunTime:0.001000s ]
INFO: Run Behavior\ParseTemplate [ RunTime:0.018002s ]
INFO: [ view_parse ] --END-- [ RunTime:0.018002s ]
INFO: [ view_filter ] --START--
INFO: Run Behavior\WriteHtmlCache [ RunTime:0.000000s ]
INFO: [ view_filter ] --END-- [ RunTime:0.000000s ]
INFO: [ view_end ] --START--
INFO: [ view_end ] --END-- [ RunTime:0.000000s ]
INFO: [ app_end ] --START--
INFO: Run Behavior\ShowPageTrace [ RunTime:0.000000s ]
INFO: [ app_end ] --END-- [ RunTime:0.001000s ]

[ 2015-09-04T19:06:48+08:00 ] 192.168.10.244 /index.php?s=/Home/website
NOTIC: [8192] mysql_connect(): The mysql extension is deprecated and will be removed in the future: use mysqli or PDO instead C:\www\yiyuan\ThinkPHP\Library\Think\Db\Driver\Mysql.class.php 第 52 行.
SQL: SHOW COLUMNS FROM `wp_member` [ RunTime:0.005000s ]
SQL: SELECT * FROM `wp_member` WHERE ( `uid` = 363 ) LIMIT 1   [ RunTime:0.002000s ]
NOTIC: [8] Undefined index: uid C:\www\yiyuan\ThinkPHP\Library\Think\Controller.class.php 第 140 行.
SQL: SHOW COLUMNS FROM `wp_member_public_link` [ RunTime:0.004000s ]
SQL: SELECT * FROM `wp_member_public_link` WHERE ( uid=363 ) ORDER BY is_use desc  [ RunTime:0.000000s ]
NOTIC: [2] Invalid argument supplied for foreach() C:\www\yiyuan\ThinkPHP\Library\Think\Controller.class.php 第 149 行.
INFO: [ view_begin ] --START--
INFO: [ view_begin ] --END-- [ RunTime:0.001000s ]
INFO: [ view_parse ] --START--
INFO: [ template_filter ] --START--
INFO: Run Behavior\ContentReplace [ RunTime:0.000000s ]
INFO: [ template_filter ] --END-- [ RunTime:0.000000s ]
INFO: Run Behavior\ParseTemplate [ RunTime:0.014001s ]
INFO: [ view_parse ] --END-- [ RunTime:0.014001s ]
INFO: [ view_filter ] --START--
INFO: Run Behavior\WriteHtmlCache [ RunTime:0.000000s ]
INFO: [ view_filter ] --END-- [ RunTime:0.000000s ]
INFO: [ view_end ] --START--
INFO: [ view_end ] --END-- [ RunTime:0.000000s ]
INFO: [ app_end ] --START--
INFO: Run Behavior\ShowPageTrace [ RunTime:0.000000s ]
INFO: [ app_end ] --END-- [ RunTime:0.000000s ]

[ 2015-09-04T19:06:50+08:00 ] 192.168.10.244 /index.php?s=/Home/website
NOTIC: [8192] mysql_connect(): The mysql extension is deprecated and will be removed in the future: use mysqli or PDO instead C:\www\yiyuan\ThinkPHP\Library\Think\Db\Driver\Mysql.class.php 第 52 行.
SQL: SHOW COLUMNS FROM `wp_member` [ RunTime:0.005000s ]
SQL: SELECT * FROM `wp_member` WHERE ( `uid` = 363 ) LIMIT 1   [ RunTime:0.000000s ]
NOTIC: [8] Undefined index: uid C:\www\yiyuan\ThinkPHP\Library\Think\Controller.class.php 第 140 行.
SQL: SHOW COLUMNS FROM `wp_member_public_link` [ RunTime:0.004000s ]
SQL: SELECT * FROM `wp_member_public_link` WHERE ( uid=363 ) ORDER BY is_use desc  [ RunTime:0.000000s ]
NOTIC: [2] Invalid argument supplied for foreach() C:\www\yiyuan\ThinkPHP\Library\Think\Controller.class.php 第 149 行.
INFO: [ view_begin ] --START--
INFO: [ view_begin ] --END-- [ RunTime:0.000000s ]
INFO: [ view_parse ] --START--
INFO: [ template_filter ] --START--
INFO: Run Behavior\ContentReplace [ RunTime:0.000000s ]
INFO: [ template_filter ] --END-- [ RunTime:0.001000s ]
INFO: Run Behavior\ParseTemplate [ RunTime:0.016001s ]
INFO: [ view_parse ] --END-- [ RunTime:0.016001s ]
INFO: [ view_filter ] --START--
INFO: Run Behavior\WriteHtmlCache [ RunTime:0.000000s ]
INFO: [ view_filter ] --END-- [ RunTime:0.001000s ]
INFO: [ view_end ] --START--
INFO: [ view_end ] --END-- [ RunTime:0.000000s ]
INFO: [ app_end ] --START--
INFO: Run Behavior\ShowPageTrace [ RunTime:0.000000s ]
INFO: [ app_end ] --END-- [ RunTime:0.001000s ]

[ 2015-09-04T19:07:08+08:00 ] 192.168.10.244 /index.php?s=/Home/website
NOTIC: [8192] mysql_connect(): The mysql extension is deprecated and will be removed in the future: use mysqli or PDO instead C:\www\yiyuan\ThinkPHP\Library\Think\Db\Driver\Mysql.class.php 第 52 行.
SQL: SHOW COLUMNS FROM `wp_member` [ RunTime:0.005000s ]
SQL: SELECT * FROM `wp_member` WHERE ( `uid` = 363 ) LIMIT 1   [ RunTime:0.001000s ]
NOTIC: [8] Undefined index: uid C:\www\yiyuan\ThinkPHP\Library\Think\Controller.class.php 第 140 行.
SQL: SHOW COLUMNS FROM `wp_member_public_link` [ RunTime:0.005001s ]
SQL: SELECT * FROM `wp_member_public_link` WHERE ( uid=363 ) ORDER BY is_use desc  [ RunTime:0.000000s ]
NOTIC: [2] Invalid argument supplied for foreach() C:\www\yiyuan\ThinkPHP\Library\Think\Controller.class.php 第 149 行.
INFO: [ view_begin ] --START--
INFO: [ view_begin ] --END-- [ RunTime:0.000000s ]
INFO: [ view_parse ] --START--
INFO: [ template_filter ] --START--
INFO: Run Behavior\ContentReplace [ RunTime:0.000000s ]
INFO: [ template_filter ] --END-- [ RunTime:0.000000s ]
INFO: Run Behavior\ParseTemplate [ RunTime:0.014001s ]
INFO: [ view_parse ] --END-- [ RunTime:0.014001s ]
INFO: [ view_filter ] --START--
INFO: Run Behavior\WriteHtmlCache [ RunTime:0.001000s ]
INFO: [ view_filter ] --END-- [ RunTime:0.001000s ]
INFO: [ view_end ] --START--
INFO: [ view_end ] --END-- [ RunTime:0.000000s ]
INFO: [ app_end ] --START--
INFO: Run Behavior\ShowPageTrace [ RunTime:0.000000s ]
INFO: [ app_end ] --END-- [ RunTime:0.001000s ]

[ 2015-09-04T19:08:47+08:00 ] 192.168.10.244 /index.php?s=/Home/website
NOTIC: [8192] mysql_connect(): The mysql extension is deprecated and will be removed in the future: use mysqli or PDO instead C:\www\yiyuan\ThinkPHP\Library\Think\Db\Driver\Mysql.class.php 第 52 行.
SQL: SHOW COLUMNS FROM `wp_member` [ RunTime:0.004000s ]
SQL: SELECT * FROM `wp_member` WHERE ( `uid` = 363 ) LIMIT 1   [ RunTime:0.001000s ]
NOTIC: [8] Undefined index: uid C:\www\yiyuan\ThinkPHP\Library\Think\Controller.class.php 第 140 行.
SQL: SHOW COLUMNS FROM `wp_member_public_link` [ RunTime:0.004000s ]
SQL: SELECT * FROM `wp_member_public_link` WHERE ( uid=363 ) ORDER BY is_use desc  [ RunTime:0.001000s ]
NOTIC: [2] Invalid argument supplied for foreach() C:\www\yiyuan\ThinkPHP\Library\Think\Controller.class.php 第 149 行.
INFO: [ view_begin ] --START--
INFO: [ view_begin ] --END-- [ RunTime:0.000000s ]
INFO: [ view_parse ] --START--
INFO: [ template_filter ] --START--
INFO: Run Behavior\ContentReplace [ RunTime:0.000000s ]
INFO: [ template_filter ] --END-- [ RunTime:0.000000s ]
INFO: Run Behavior\ParseTemplate [ RunTime:0.016001s ]
INFO: [ view_parse ] --END-- [ RunTime:0.016001s ]
INFO: [ view_filter ] --START--
INFO: Run Behavior\WriteHtmlCache [ RunTime:0.000000s ]
INFO: [ view_filter ] --END-- [ RunTime:0.000000s ]
INFO: [ view_end ] --START--
INFO: [ view_end ] --END-- [ RunTime:0.000000s ]
INFO: [ app_end ] --START--
INFO: Run Behavior\ShowPageTrace [ RunTime:0.000000s ]
INFO: [ app_end ] --END-- [ RunTime:0.000000s ]

[ 2015-09-04T19:09:33+08:00 ] 192.168.10.244 /index.php?s=/Home/website
NOTIC: [8192] mysql_connect(): The mysql extension is deprecated and will be removed in the future: use mysqli or PDO instead C:\www\yiyuan\ThinkPHP\Library\Think\Db\Driver\Mysql.class.php 第 52 行.
SQL: SHOW COLUMNS FROM `wp_member` [ RunTime:0.005001s ]
SQL: SELECT * FROM `wp_member` WHERE ( `uid` = 363 ) LIMIT 1   [ RunTime:0.001000s ]
NOTIC: [8] Undefined index: uid C:\www\yiyuan\ThinkPHP\Library\Think\Controller.class.php 第 140 行.
SQL: SHOW COLUMNS FROM `wp_member_public_link` [ RunTime:0.004000s ]
SQL: SELECT * FROM `wp_member_public_link` WHERE ( uid=363 ) ORDER BY is_use desc  [ RunTime:0.000000s ]
NOTIC: [2] Invalid argument supplied for foreach() C:\www\yiyuan\ThinkPHP\Library\Think\Controller.class.php 第 149 行.
INFO: [ view_begin ] --START--
INFO: [ view_begin ] --END-- [ RunTime:0.000000s ]
INFO: [ view_parse ] --START--
INFO: [ template_filter ] --START--
INFO: Run Behavior\ContentReplace [ RunTime:0.000000s ]
INFO: [ template_filter ] --END-- [ RunTime:0.001000s ]
INFO: Run Behavior\ParseTemplate [ RunTime:0.015001s ]
INFO: [ view_parse ] --END-- [ RunTime:0.016001s ]
INFO: [ view_filter ] --START--
INFO: Run Behavior\WriteHtmlCache [ RunTime:0.000000s ]
INFO: [ view_filter ] --END-- [ RunTime:0.000000s ]
INFO: [ view_end ] --START--
INFO: [ view_end ] --END-- [ RunTime:0.000000s ]
INFO: [ app_end ] --START--
INFO: Run Behavior\ShowPageTrace [ RunTime:0.000000s ]
INFO: [ app_end ] --END-- [ RunTime:0.000000s ]

[ 2015-09-04T19:10:05+08:00 ] 192.168.10.244 /index.php?s=/Home/website
NOTIC: [8192] mysql_connect(): The mysql extension is deprecated and will be removed in the future: use mysqli or PDO instead C:\www\yiyuan\ThinkPHP\Library\Think\Db\Driver\Mysql.class.php 第 52 行.
SQL: SHOW COLUMNS FROM `wp_member` [ RunTime:0.004000s ]
SQL: SELECT * FROM `wp_member` WHERE ( `uid` = 363 ) LIMIT 1   [ RunTime:0.000000s ]
NOTIC: [8] Undefined index: uid C:\www\yiyuan\ThinkPHP\Library\Think\Controller.class.php 第 140 行.
SQL: SHOW COLUMNS FROM `wp_member_public_link` [ RunTime:0.005001s ]
SQL: SELECT * FROM `wp_member_public_link` WHERE ( uid=363 ) ORDER BY is_use desc  [ RunTime:0.001000s ]
NOTIC: [2] Invalid argument supplied for foreach() C:\www\yiyuan\ThinkPHP\Library\Think\Controller.class.php 第 149 行.
INFO: [ view_begin ] --START--
INFO: [ view_begin ] --END-- [ RunTime:0.000000s ]
INFO: [ view_parse ] --START--
INFO: [ template_filter ] --START--
INFO: Run Behavior\ContentReplace [ RunTime:0.000000s ]
INFO: [ template_filter ] --END-- [ RunTime:0.000000s ]
INFO: Run Behavior\ParseTemplate [ RunTime:0.016001s ]
INFO: [ view_parse ] --END-- [ RunTime:0.016001s ]
INFO: [ view_filter ] --START--
INFO: Run Behavior\WriteHtmlCache [ RunTime:0.000000s ]
INFO: [ view_filter ] --END-- [ RunTime:0.000000s ]
INFO: [ view_end ] --START--
INFO: [ view_end ] --END-- [ RunTime:0.000000s ]
INFO: [ app_end ] --START--
INFO: Run Behavior\ShowPageTrace [ RunTime:0.000000s ]
INFO: [ app_end ] --END-- [ RunTime:0.001000s ]

[ 2015-09-04T19:10:07+08:00 ] 192.168.10.244 /index.php?s=/Home/website
NOTIC: [8192] mysql_connect(): The mysql extension is deprecated and will be removed in the future: use mysqli or PDO instead C:\www\yiyuan\ThinkPHP\Library\Think\Db\Driver\Mysql.class.php 第 52 行.
SQL: SHOW COLUMNS FROM `wp_member` [ RunTime:0.006000s ]
SQL: SELECT * FROM `wp_member` WHERE ( `uid` = 363 ) LIMIT 1   [ RunTime:0.000000s ]
NOTIC: [8] Undefined index: uid C:\www\yiyuan\ThinkPHP\Library\Think\Controller.class.php 第 140 行.
SQL: SHOW COLUMNS FROM `wp_member_public_link` [ RunTime:0.005000s ]
SQL: SELECT * FROM `wp_member_public_link` WHERE ( uid=363 ) ORDER BY is_use desc  [ RunTime:0.001000s ]
NOTIC: [2] Invalid argument supplied for foreach() C:\www\yiyuan\ThinkPHP\Library\Think\Controller.class.php 第 149 行.
INFO: [ view_begin ] --START--
INFO: [ view_begin ] --END-- [ RunTime:0.000000s ]
INFO: [ view_parse ] --START--
INFO: [ template_filter ] --START--
INFO: Run Behavior\ContentReplace [ RunTime:0.000000s ]
INFO: [ template_filter ] --END-- [ RunTime:0.001000s ]
INFO: Run Behavior\ParseTemplate [ RunTime:0.016001s ]
INFO: [ view_parse ] --END-- [ RunTime:0.017001s ]
INFO: [ view_filter ] --START--
INFO: Run Behavior\WriteHtmlCache [ RunTime:0.000000s ]
INFO: [ view_filter ] --END-- [ RunTime:0.000000s ]
INFO: [ view_end ] --START--
INFO: [ view_end ] --END-- [ RunTime:0.000000s ]
INFO: [ app_end ] --START--
INFO: Run Behavior\ShowPageTrace [ RunTime:0.000000s ]
INFO: [ app_end ] --END-- [ RunTime:0.000000s ]

[ 2015-09-04T19:10:08+08:00 ] 192.168.10.244 /index.php?s=/Home/website
NOTIC: [8192] mysql_connect(): The mysql extension is deprecated and will be removed in the future: use mysqli or PDO instead C:\www\yiyuan\ThinkPHP\Library\Think\Db\Driver\Mysql.class.php 第 52 行.
SQL: SHOW COLUMNS FROM `wp_member` [ RunTime:0.004001s ]
SQL: SELECT * FROM `wp_member` WHERE ( `uid` = 363 ) LIMIT 1   [ RunTime:0.001000s ]
NOTIC: [8] Undefined index: uid C:\www\yiyuan\ThinkPHP\Library\Think\Controller.class.php 第 140 行.
SQL: SHOW COLUMNS FROM `wp_member_public_link` [ RunTime:0.004000s ]
SQL: SELECT * FROM `wp_member_public_link` WHERE ( uid=363 ) ORDER BY is_use desc  [ RunTime:0.000000s ]
NOTIC: [2] Invalid argument supplied for foreach() C:\www\yiyuan\ThinkPHP\Library\Think\Controller.class.php 第 149 行.
INFO: [ view_begin ] --START--
INFO: [ view_begin ] --END-- [ RunTime:0.000000s ]
INFO: [ view_parse ] --START--
INFO: [ template_filter ] --START--
INFO: Run Behavior\ContentReplace [ RunTime:0.001000s ]
INFO: [ template_filter ] --END-- [ RunTime:0.001000s ]
INFO: Run Behavior\ParseTemplate [ RunTime:0.015001s ]
INFO: [ view_parse ] --END-- [ RunTime:0.016001s ]
INFO: [ view_filter ] --START--
INFO: Run Behavior\WriteHtmlCache [ RunTime:0.000000s ]
INFO: [ view_filter ] --END-- [ RunTime:0.000000s ]
INFO: [ view_end ] --START--
INFO: [ view_end ] --END-- [ RunTime:0.001000s ]
INFO: [ app_end ] --START--
INFO: Run Behavior\ShowPageTrace [ RunTime:0.000000s ]
INFO: [ app_end ] --END-- [ RunTime:0.000000s ]

[ 2015-09-04T19:10:44+08:00 ] 192.168.10.244 /index.php?s=/Home/website
NOTIC: [8192] mysql_connect(): The mysql extension is deprecated and will be removed in the future: use mysqli or PDO instead C:\www\yiyuan\ThinkPHP\Library\Think\Db\Driver\Mysql.class.php 第 52 行.
SQL: SHOW COLUMNS FROM `wp_member` [ RunTime:0.004000s ]
SQL: SELECT * FROM `wp_member` WHERE ( `uid` = 363 ) LIMIT 1   [ RunTime:0.000000s ]
NOTIC: [8] Undefined index: uid C:\www\yiyuan\ThinkPHP\Library\Think\Controller.class.php 第 140 行.
SQL: SHOW COLUMNS FROM `wp_member_public_link` [ RunTime:0.004001s ]
SQL: SELECT * FROM `wp_member_public_link` WHERE ( uid=363 ) ORDER BY is_use desc  [ RunTime:0.001000s ]
NOTIC: [2] Invalid argument supplied for foreach() C:\www\yiyuan\ThinkPHP\Library\Think\Controller.class.php 第 149 行.
INFO: [ view_begin ] --START--
INFO: [ view_begin ] --END-- [ RunTime:0.000000s ]
INFO: [ view_parse ] --START--
INFO: [ template_filter ] --START--
INFO: Run Behavior\ContentReplace [ RunTime:0.000000s ]
INFO: [ template_filter ] --END-- [ RunTime:0.000000s ]
INFO: Run Behavior\ParseTemplate [ RunTime:0.013001s ]
INFO: [ view_parse ] --END-- [ RunTime:0.015001s ]
INFO: [ view_filter ] --START--
INFO: Run Behavior\WriteHtmlCache [ RunTime:0.000000s ]
INFO: [ view_filter ] --END-- [ RunTime:0.000000s ]
INFO: [ view_end ] --START--
INFO: [ view_end ] --END-- [ RunTime:0.000000s ]
INFO: [ app_end ] --START--
INFO: Run Behavior\ShowPageTrace [ RunTime:0.000000s ]
INFO: [ app_end ] --END-- [ RunTime:0.000000s ]

[ 2015-09-04T19:10:45+08:00 ] 192.168.10.244 /index.php?s=/Home/website
NOTIC: [8192] mysql_connect(): The mysql extension is deprecated and will be removed in the future: use mysqli or PDO instead C:\www\yiyuan\ThinkPHP\Library\Think\Db\Driver\Mysql.class.php 第 52 行.
SQL: SHOW COLUMNS FROM `wp_member` [ RunTime:0.006001s ]
SQL: SELECT * FROM `wp_member` WHERE ( `uid` = 363 ) LIMIT 1   [ RunTime:0.000000s ]
NOTIC: [8] Undefined index: uid C:\www\yiyuan\ThinkPHP\Library\Think\Controller.class.php 第 140 行.
SQL: SHOW COLUMNS FROM `wp_member_public_link` [ RunTime:0.005000s ]
SQL: SELECT * FROM `wp_member_public_link` WHERE ( uid=363 ) ORDER BY is_use desc  [ RunTime:0.000000s ]
NOTIC: [2] Invalid argument supplied for foreach() C:\www\yiyuan\ThinkPHP\Library\Think\Controller.class.php 第 149 行.
INFO: [ view_begin ] --START--
INFO: [ view_begin ] --END-- [ RunTime:0.000000s ]
INFO: [ view_parse ] --START--
INFO: [ template_filter ] --START--
INFO: Run Behavior\ContentReplace [ RunTime:0.000000s ]
INFO: [ template_filter ] --END-- [ RunTime:0.001000s ]
INFO: Run Behavior\ParseTemplate [ RunTime:0.017001s ]
INFO: [ view_parse ] --END-- [ RunTime:0.017001s ]
INFO: [ view_filter ] --START--
INFO: Run Behavior\WriteHtmlCache [ RunTime:0.000000s ]
INFO: [ view_filter ] --END-- [ RunTime:0.001000s ]
INFO: [ view_end ] --START--
INFO: [ view_end ] --END-- [ RunTime:0.001000s ]
INFO: [ app_end ] --START--
INFO: Run Behavior\ShowPageTrace [ RunTime:0.000000s ]
INFO: [ app_end ] --END-- [ RunTime:0.001000s ]

[ 2015-09-04T19:10:47+08:00 ] 192.168.10.244 /index.php?s=/Home/website
NOTIC: [8192] mysql_connect(): The mysql extension is deprecated and will be removed in the future: use mysqli or PDO instead C:\www\yiyuan\ThinkPHP\Library\Think\Db\Driver\Mysql.class.php 第 52 行.
SQL: SHOW COLUMNS FROM `wp_member` [ RunTime:0.004000s ]
SQL: SELECT * FROM `wp_member` WHERE ( `uid` = 363 ) LIMIT 1   [ RunTime:0.001000s ]
NOTIC: [8] Undefined index: uid C:\www\yiyuan\ThinkPHP\Library\Think\Controller.class.php 第 140 行.
SQL: SHOW COLUMNS FROM `wp_member_public_link` [ RunTime:0.005000s ]
SQL: SELECT * FROM `wp_member_public_link` WHERE ( uid=363 ) ORDER BY is_use desc  [ RunTime:0.001000s ]
NOTIC: [2] Invalid argument supplied for foreach() C:\www\yiyuan\ThinkPHP\Library\Think\Controller.class.php 第 149 行.
INFO: [ view_begin ] --START--
INFO: [ view_begin ] --END-- [ RunTime:0.001000s ]
INFO: [ view_parse ] --START--
INFO: [ template_filter ] --START--
INFO: Run Behavior\ContentReplace [ RunTime:0.000000s ]
INFO: [ template_filter ] --END-- [ RunTime:0.000000s ]
INFO: Run Behavior\ParseTemplate [ RunTime:0.016001s ]
INFO: [ view_parse ] --END-- [ RunTime:0.016001s ]
INFO: [ view_filter ] --START--
INFO: Run Behavior\WriteHtmlCache [ RunTime:0.000000s ]
INFO: [ view_filter ] --END-- [ RunTime:0.001000s ]
INFO: [ view_end ] --START--
INFO: [ view_end ] --END-- [ RunTime:0.000000s ]
INFO: [ app_end ] --START--
INFO: Run Behavior\ShowPageTrace [ RunTime:0.000000s ]
INFO: [ app_end ] --END-- [ RunTime:0.001000s ]

[ 2015-09-04T19:10:56+08:00 ] 192.168.10.244 /index.php?s=/Home/website
NOTIC: [8192] mysql_connect(): The mysql extension is deprecated and will be removed in the future: use mysqli or PDO instead C:\www\yiyuan\ThinkPHP\Library\Think\Db\Driver\Mysql.class.php 第 52 行.
SQL: SHOW COLUMNS FROM `wp_member` [ RunTime:0.005000s ]
SQL: SELECT * FROM `wp_member` WHERE ( `uid` = 363 ) LIMIT 1   [ RunTime:0.000000s ]
NOTIC: [8] Undefined index: uid C:\www\yiyuan\ThinkPHP\Library\Think\Controller.class.php 第 140 行.
SQL: SHOW COLUMNS FROM `wp_member_public_link` [ RunTime:0.005001s ]
SQL: SELECT * FROM `wp_member_public_link` WHERE ( uid=363 ) ORDER BY is_use desc  [ RunTime:0.000000s ]
NOTIC: [2] Invalid argument supplied for foreach() C:\www\yiyuan\ThinkPHP\Library\Think\Controller.class.php 第 149 行.
INFO: [ view_begin ] --START--
INFO: [ view_begin ] --END-- [ RunTime:0.000000s ]
INFO: [ view_parse ] --START--
INFO: [ template_filter ] --START--
INFO: Run Behavior\ContentReplace [ RunTime:0.000000s ]
INFO: [ template_filter ] --END-- [ RunTime:0.001000s ]
INFO: Run Behavior\ParseTemplate [ RunTime:0.014001s ]
INFO: [ view_parse ] --END-- [ RunTime:0.014001s ]
INFO: [ view_filter ] --START--
INFO: Run Behavior\WriteHtmlCache [ RunTime:0.000000s ]
INFO: [ view_filter ] --END-- [ RunTime:0.000000s ]
INFO: [ view_end ] --START--
INFO: [ view_end ] --END-- [ RunTime:0.000000s ]
INFO: [ app_end ] --START--
INFO: Run Behavior\ShowPageTrace [ RunTime:0.001000s ]
INFO: [ app_end ] --END-- [ RunTime:0.001000s ]

[ 2015-09-04T19:11:13+08:00 ] 192.168.10.244 /index.php?s=/Home/website
NOTIC: [8192] mysql_connect(): The mysql extension is deprecated and will be removed in the future: use mysqli or PDO instead C:\www\yiyuan\ThinkPHP\Library\Think\Db\Driver\Mysql.class.php 第 52 行.
SQL: SHOW COLUMNS FROM `wp_member` [ RunTime:0.006001s ]
SQL: SELECT * FROM `wp_member` WHERE ( `uid` = 363 ) LIMIT 1   [ RunTime:0.001000s ]
NOTIC: [8] Undefined index: uid C:\www\yiyuan\ThinkPHP\Library\Think\Controller.class.php 第 140 行.
SQL: SHOW COLUMNS FROM `wp_member_public_link` [ RunTime:0.006000s ]
SQL: SELECT * FROM `wp_member_public_link` WHERE ( uid=363 ) ORDER BY is_use desc  [ RunTime:0.000000s ]
NOTIC: [2] Invalid argument supplied for foreach() C:\www\yiyuan\ThinkPHP\Library\Think\Controller.class.php 第 149 行.
INFO: [ view_begin ] --START--
INFO: [ view_begin ] --END-- [ RunTime:0.000000s ]
INFO: [ view_parse ] --START--
INFO: [ template_filter ] --START--
INFO: Run Behavior\ContentReplace [ RunTime:0.000000s ]
INFO: [ template_filter ] --END-- [ RunTime:0.001000s ]
INFO: Run Behavior\ParseTemplate [ RunTime:0.013001s ]
INFO: [ view_parse ] --END-- [ RunTime:0.014001s ]
INFO: [ view_filter ] --START--
INFO: Run Behavior\WriteHtmlCache [ RunTime:0.000000s ]
INFO: [ view_filter ] --END-- [ RunTime:0.000000s ]
INFO: [ view_end ] --START--
INFO: [ view_end ] --END-- [ RunTime:0.001000s ]
INFO: [ app_end ] --START--
INFO: Run Behavior\ShowPageTrace [ RunTime:0.000000s ]
INFO: [ app_end ] --END-- [ RunTime:0.000000s ]

[ 2015-09-04T19:11:49+08:00 ] 192.168.10.244 /index.php?s=/Home/website
NOTIC: [8192] mysql_connect(): The mysql extension is deprecated and will be removed in the future: use mysqli or PDO instead C:\www\yiyuan\ThinkPHP\Library\Think\Db\Driver\Mysql.class.php 第 52 行.
SQL: SHOW COLUMNS FROM `wp_member` [ RunTime:0.006001s ]
SQL: SELECT * FROM `wp_member` WHERE ( `uid` = 363 ) LIMIT 1   [ RunTime:0.000000s ]
NOTIC: [8] Undefined index: uid C:\www\yiyuan\ThinkPHP\Library\Think\Controller.class.php 第 140 行.
SQL: SHOW COLUMNS FROM `wp_member_public_link` [ RunTime:0.003000s ]
SQL: SELECT * FROM `wp_member_public_link` WHERE ( uid=363 ) ORDER BY is_use desc  [ RunTime:0.001000s ]
NOTIC: [2] Invalid argument supplied for foreach() C:\www\yiyuan\ThinkPHP\Library\Think\Controller.class.php 第 149 行.
INFO: [ view_begin ] --START--
INFO: [ view_begin ] --END-- [ RunTime:0.000000s ]
INFO: [ view_parse ] --START--
INFO: [ template_filter ] --START--
INFO: Run Behavior\ContentReplace [ RunTime:0.001000s ]
INFO: [ template_filter ] --END-- [ RunTime:0.001000s ]
INFO: Run Behavior\ParseTemplate [ RunTime:0.012001s ]
INFO: [ view_parse ] --END-- [ RunTime:0.013001s ]
INFO: [ view_filter ] --START--
INFO: Run Behavior\WriteHtmlCache [ RunTime:0.000000s ]
INFO: [ view_filter ] --END-- [ RunTime:0.000000s ]
INFO: [ view_end ] --START--
INFO: [ view_end ] --END-- [ RunTime:0.000000s ]
INFO: [ app_end ] --START--
INFO: Run Behavior\ShowPageTrace [ RunTime:0.000000s ]
INFO: [ app_end ] --END-- [ RunTime:0.000000s ]

[ 2015-09-04T19:12:27+08:00 ] 192.168.10.244 /index.php?s=/Home/website
NOTIC: [8192] mysql_connect(): The mysql extension is deprecated and will be removed in the future: use mysqli or PDO instead C:\www\yiyuan\ThinkPHP\Library\Think\Db\Driver\Mysql.class.php 第 52 行.
SQL: SHOW COLUMNS FROM `wp_member` [ RunTime:0.004000s ]
SQL: SELECT * FROM `wp_member` WHERE ( `uid` = 363 ) LIMIT 1   [ RunTime:0.000000s ]
NOTIC: [8] Undefined index: uid C:\www\yiyuan\ThinkPHP\Library\Think\Controller.class.php 第 140 行.
SQL: SHOW COLUMNS FROM `wp_member_public_link` [ RunTime:0.004000s ]
SQL: SELECT * FROM `wp_member_public_link` WHERE ( uid=363 ) ORDER BY is_use desc  [ RunTime:0.000000s ]
NOTIC: [2] Invalid argument supplied for foreach() C:\www\yiyuan\ThinkPHP\Library\Think\Controller.class.php 第 149 行.
INFO: [ view_begin ] --START--
INFO: [ view_begin ] --END-- [ RunTime:0.000000s ]
INFO: [ view_parse ] --START--
INFO: [ template_filter ] --START--
INFO: Run Behavior\ContentReplace [ RunTime:0.000000s ]
INFO: [ template_filter ] --END-- [ RunTime:0.001000s ]
INFO: Run Behavior\ParseTemplate [ RunTime:0.013000s ]
INFO: [ view_parse ] --END-- [ RunTime:0.014000s ]
INFO: [ view_filter ] --START--
INFO: Run Behavior\WriteHtmlCache [ RunTime:0.000000s ]
INFO: [ view_filter ] --END-- [ RunTime:0.000000s ]
INFO: [ view_end ] --START--
INFO: [ view_end ] --END-- [ RunTime:0.000000s ]
INFO: [ app_end ] --START--
INFO: Run Behavior\ShowPageTrace [ RunTime:0.000000s ]
INFO: [ app_end ] --END-- [ RunTime:0.000000s ]

[ 2015-09-04T19:13:49+08:00 ] 192.168.10.244 /index.php?s=/Home/website
NOTIC: [8192] mysql_connect(): The mysql extension is deprecated and will be removed in the future: use mysqli or PDO instead C:\www\yiyuan\ThinkPHP\Library\Think\Db\Driver\Mysql.class.php 第 52 行.
SQL: SHOW COLUMNS FROM `wp_member` [ RunTime:0.005000s ]
SQL: SELECT * FROM `wp_member` WHERE ( `uid` = 363 ) LIMIT 1   [ RunTime:0.001000s ]
NOTIC: [8] Undefined index: uid C:\www\yiyuan\ThinkPHP\Library\Think\Controller.class.php 第 140 行.
SQL: SHOW COLUMNS FROM `wp_member_public_link` [ RunTime:0.005000s ]
SQL: SELECT * FROM `wp_member_public_link` WHERE ( uid=363 ) ORDER BY is_use desc  [ RunTime:0.001000s ]
NOTIC: [2] Invalid argument supplied for foreach() C:\www\yiyuan\ThinkPHP\Library\Think\Controller.class.php 第 149 行.
INFO: [ view_begin ] --START--
INFO: [ view_begin ] --END-- [ RunTime:0.000000s ]
INFO: [ view_parse ] --START--
INFO: [ template_filter ] --START--
INFO: Run Behavior\ContentReplace [ RunTime:0.001000s ]
INFO: [ template_filter ] --END-- [ RunTime:0.001000s ]
INFO: Run Behavior\ParseTemplate [ RunTime:0.013000s ]
INFO: [ view_parse ] --END-- [ RunTime:0.014000s ]
INFO: [ view_filter ] --START--
INFO: Run Behavior\WriteHtmlCache [ RunTime:0.000000s ]
INFO: [ view_filter ] --END-- [ RunTime:0.000000s ]
INFO: [ view_end ] --START--
INFO: [ view_end ] --END-- [ RunTime:0.000000s ]
INFO: [ app_end ] --START--
INFO: Run Behavior\ShowPageTrace [ RunTime:0.000000s ]
INFO: [ app_end ] --END-- [ RunTime:0.000000s ]

[ 2015-09-04T19:14:52+08:00 ] 192.168.10.244 /index.php?s=/Home/website
NOTIC: [8192] mysql_connect(): The mysql extension is deprecated and will be removed in the future: use mysqli or PDO instead C:\www\yiyuan\ThinkPHP\Library\Think\Db\Driver\Mysql.class.php 第 52 行.
SQL: SHOW COLUMNS FROM `wp_member` [ RunTime:0.004001s ]
SQL: SELECT * FROM `wp_member` WHERE ( `uid` = 363 ) LIMIT 1   [ RunTime:0.000000s ]
NOTIC: [8] Undefined index: uid C:\www\yiyuan\ThinkPHP\Library\Think\Controller.class.php 第 140 行.
SQL: SHOW COLUMNS FROM `wp_member_public_link` [ RunTime:0.004000s ]
SQL: SELECT * FROM `wp_member_public_link` WHERE ( uid=363 ) ORDER BY is_use desc  [ RunTime:0.001000s ]
NOTIC: [2] Invalid argument supplied for foreach() C:\www\yiyuan\ThinkPHP\Library\Think\Controller.class.php 第 149 行.
INFO: [ view_begin ] --START--
INFO: [ view_begin ] --END-- [ RunTime:0.000000s ]
INFO: [ view_parse ] --START--
INFO: [ template_filter ] --START--
INFO: Run Behavior\ContentReplace [ RunTime:0.000000s ]
INFO: [ template_filter ] --END-- [ RunTime:0.001000s ]
INFO: Run Behavior\ParseTemplate [ RunTime:0.014001s ]
INFO: [ view_parse ] --END-- [ RunTime:0.014001s ]
INFO: [ view_filter ] --START--
INFO: Run Behavior\WriteHtmlCache [ RunTime:0.001000s ]
INFO: [ view_filter ] --END-- [ RunTime:0.001000s ]
INFO: [ view_end ] --START--
INFO: [ view_end ] --END-- [ RunTime:0.000000s ]
INFO: [ app_end ] --START--
INFO: Run Behavior\ShowPageTrace [ RunTime:0.000000s ]
INFO: [ app_end ] --END-- [ RunTime:0.001000s ]

[ 2015-09-04T19:14:53+08:00 ] 192.168.10.244 /index.php?s=/Home/website
NOTIC: [8192] mysql_connect(): The mysql extension is deprecated and will be removed in the future: use mysqli or PDO instead C:\www\yiyuan\ThinkPHP\Library\Think\Db\Driver\Mysql.class.php 第 52 行.
SQL: SHOW COLUMNS FROM `wp_member` [ RunTime:0.004000s ]
SQL: SELECT * FROM `wp_member` WHERE ( `uid` = 363 ) LIMIT 1   [ RunTime:0.001000s ]
NOTIC: [8] Undefined index: uid C:\www\yiyuan\ThinkPHP\Library\Think\Controller.class.php 第 140 行.
SQL: SHOW COLUMNS FROM `wp_member_public_link` [ RunTime:0.004001s ]
SQL: SELECT * FROM `wp_member_public_link` WHERE ( uid=363 ) ORDER BY is_use desc  [ RunTime:0.000000s ]
NOTIC: [2] Invalid argument supplied for foreach() C:\www\yiyuan\ThinkPHP\Library\Think\Controller.class.php 第 149 行.
INFO: [ view_begin ] --START--
INFO: [ view_begin ] --END-- [ RunTime:0.001000s ]
INFO: [ view_parse ] --START--
INFO: [ template_filter ] --START--
INFO: Run Behavior\ContentReplace [ RunTime:0.000000s ]
INFO: [ template_filter ] --END-- [ RunTime:0.000000s ]
INFO: Run Behavior\ParseTemplate [ RunTime:0.014000s ]
INFO: [ view_parse ] --END-- [ RunTime:0.014000s ]
INFO: [ view_filter ] --START--
INFO: Run Behavior\WriteHtmlCache [ RunTime:0.001000s ]
INFO: [ view_filter ] --END-- [ RunTime:0.001000s ]
INFO: [ view_end ] --START--
INFO: [ view_end ] --END-- [ RunTime:0.000000s ]
INFO: [ app_end ] --START--
INFO: Run Behavior\ShowPageTrace [ RunTime:0.000000s ]
INFO: [ app_end ] --END-- [ RunTime:0.001001s ]

[ 2015-09-04T19:14:59+08:00 ] 192.168.10.244 /index.php?s=/Home/website
NOTIC: [8192] mysql_connect(): The mysql extension is deprecated and will be removed in the future: use mysqli or PDO instead C:\www\yiyuan\ThinkPHP\Library\Think\Db\Driver\Mysql.class.php 第 52 行.
SQL: SHOW COLUMNS FROM `wp_member` [ RunTime:0.006001s ]
SQL: SELECT * FROM `wp_member` WHERE ( `uid` = 363 ) LIMIT 1   [ RunTime:0.001000s ]
NOTIC: [8] Undefined index: uid C:\www\yiyuan\ThinkPHP\Library\Think\Controller.class.php 第 140 行.
SQL: SHOW COLUMNS FROM `wp_member_public_link` [ RunTime:0.006000s ]
SQL: SELECT * FROM `wp_member_public_link` WHERE ( uid=363 ) ORDER BY is_use desc  [ RunTime:0.000000s ]
NOTIC: [2] Invalid argument supplied for foreach() C:\www\yiyuan\ThinkPHP\Library\Think\Controller.class.php 第 149 行.
INFO: [ view_begin ] --START--
INFO: [ view_begin ] --END-- [ RunTime:0.000000s ]
INFO: [ view_parse ] --START--
INFO: [ template_filter ] --START--
INFO: Run Behavior\ContentReplace [ RunTime:0.001000s ]
INFO: [ template_filter ] --END-- [ RunTime:0.001000s ]
INFO: Run Behavior\ParseTemplate [ RunTime:0.022002s ]
INFO: [ view_parse ] --END-- [ RunTime:0.023002s ]
INFO: [ view_filter ] --START--
INFO: Run Behavior\WriteHtmlCache [ RunTime:0.000000s ]
INFO: [ view_filter ] --END-- [ RunTime:0.000000s ]
INFO: [ view_end ] --START--
INFO: [ view_end ] --END-- [ RunTime:0.000000s ]
INFO: [ app_end ] --START--
INFO: Run Behavior\ShowPageTrace [ RunTime:0.000000s ]
INFO: [ app_end ] --END-- [ RunTime:0.001000s ]

[ 2015-09-04T19:15:00+08:00 ] 192.168.10.244 /index.php?s=/Home/website
NOTIC: [8192] mysql_connect(): The mysql extension is deprecated and will be removed in the future: use mysqli or PDO instead C:\www\yiyuan\ThinkPHP\Library\Think\Db\Driver\Mysql.class.php 第 52 行.
SQL: SHOW COLUMNS FROM `wp_member` [ RunTime:0.004000s ]
SQL: SELECT * FROM `wp_member` WHERE ( `uid` = 363 ) LIMIT 1   [ RunTime:0.001000s ]
NOTIC: [8] Undefined index: uid C:\www\yiyuan\ThinkPHP\Library\Think\Controller.class.php 第 140 行.
SQL: SHOW COLUMNS FROM `wp_member_public_link` [ RunTime:0.007001s ]
SQL: SELECT * FROM `wp_member_public_link` WHERE ( uid=363 ) ORDER BY is_use desc  [ RunTime:0.001000s ]
NOTIC: [2] Invalid argument supplied for foreach() C:\www\yiyuan\ThinkPHP\Library\Think\Controller.class.php 第 149 行.
INFO: [ view_begin ] --START--
INFO: [ view_begin ] --END-- [ RunTime:0.000000s ]
INFO: [ view_parse ] --START--
INFO: [ template_filter ] --START--
INFO: Run Behavior\ContentReplace [ RunTime:0.000000s ]
INFO: [ template_filter ] --END-- [ RunTime:0.000000s ]
INFO: Run Behavior\ParseTemplate [ RunTime:0.015001s ]
INFO: [ view_parse ] --END-- [ RunTime:0.015001s ]
INFO: [ view_filter ] --START--
INFO: Run Behavior\WriteHtmlCache [ RunTime:0.000000s ]
INFO: [ view_filter ] --END-- [ RunTime:0.000000s ]
INFO: [ view_end ] --START--
INFO: [ view_end ] --END-- [ RunTime:0.000000s ]
INFO: [ app_end ] --START--
INFO: Run Behavior\ShowPageTrace [ RunTime:0.000000s ]
INFO: [ app_end ] --END-- [ RunTime:0.000000s ]

[ 2015-09-04T19:15:01+08:00 ] 192.168.10.244 /index.php?s=/Home/website
NOTIC: [8192] mysql_connect(): The mysql extension is deprecated and will be removed in the future: use mysqli or PDO instead C:\www\yiyuan\ThinkPHP\Library\Think\Db\Driver\Mysql.class.php 第 52 行.
SQL: SHOW COLUMNS FROM `wp_member` [ RunTime:0.004000s ]
SQL: SELECT * FROM `wp_member` WHERE ( `uid` = 363 ) LIMIT 1   [ RunTime:0.001000s ]
NOTIC: [8] Undefined index: uid C:\www\yiyuan\ThinkPHP\Library\Think\Controller.class.php 第 140 行.
SQL: SHOW COLUMNS FROM `wp_member_public_link` [ RunTime:0.006000s ]
SQL: SELECT * FROM `wp_member_public_link` WHERE ( uid=363 ) ORDER BY is_use desc  [ RunTime:0.001000s ]
NOTIC: [2] Invalid argument supplied for foreach() C:\www\yiyuan\ThinkPHP\Library\Think\Controller.class.php 第 149 行.
INFO: [ view_begin ] --START--
INFO: [ view_begin ] --END-- [ RunTime:0.000000s ]
INFO: [ view_parse ] --START--
INFO: [ template_filter ] --START--
INFO: Run Behavior\ContentReplace [ RunTime:0.000000s ]
INFO: [ template_filter ] --END-- [ RunTime:0.000000s ]
INFO: Run Behavior\ParseTemplate [ RunTime:0.016001s ]
INFO: [ view_parse ] --END-- [ RunTime:0.016001s ]
INFO: [ view_filter ] --START--
INFO: Run Behavior\WriteHtmlCache [ RunTime:0.000000s ]
INFO: [ view_filter ] --END-- [ RunTime:0.000000s ]
INFO: [ view_end ] --START--
INFO: [ view_end ] --END-- [ RunTime:0.000000s ]
INFO: [ app_end ] --START--
INFO: Run Behavior\ShowPageTrace [ RunTime:0.000000s ]
INFO: [ app_end ] --END-- [ RunTime:0.000000s ]

[ 2015-09-04T19:15:07+08:00 ] 192.168.10.244 /index.php?s=/Home/website
NOTIC: [8192] mysql_connect(): The mysql extension is deprecated and will be removed in the future: use mysqli or PDO instead C:\www\yiyuan\ThinkPHP\Library\Think\Db\Driver\Mysql.class.php 第 52 行.
SQL: SHOW COLUMNS FROM `wp_member` [ RunTime:0.004000s ]
SQL: SELECT * FROM `wp_member` WHERE ( `uid` = 363 ) LIMIT 1   [ RunTime:0.001000s ]
NOTIC: [8] Undefined index: uid C:\www\yiyuan\ThinkPHP\Library\Think\Controller.class.php 第 140 行.
SQL: SHOW COLUMNS FROM `wp_member_public_link` [ RunTime:0.004000s ]
SQL: SELECT * FROM `wp_member_public_link` WHERE ( uid=363 ) ORDER BY is_use desc  [ RunTime:0.000000s ]
NOTIC: [2] Invalid argument supplied for foreach() C:\www\yiyuan\ThinkPHP\Library\Think\Controller.class.php 第 149 行.
INFO: [ view_begin ] --START--
INFO: [ view_begin ] --END-- [ RunTime:0.000000s ]
INFO: [ view_parse ] --START--
INFO: [ template_filter ] --START--
INFO: Run Behavior\ContentReplace [ RunTime:0.000000s ]
INFO: [ template_filter ] --END-- [ RunTime:0.001000s ]
INFO: Run Behavior\ParseTemplate [ RunTime:0.014001s ]
INFO: [ view_parse ] --END-- [ RunTime:0.015001s ]
INFO: [ view_filter ] --START--
INFO: Run Behavior\WriteHtmlCache [ RunTime:0.000000s ]
INFO: [ view_filter ] --END-- [ RunTime:0.000000s ]
INFO: [ view_end ] --START--
INFO: [ view_end ] --END-- [ RunTime:0.000000s ]
INFO: [ app_end ] --START--
INFO: Run Behavior\ShowPageTrace [ RunTime:0.000000s ]
INFO: [ app_end ] --END-- [ RunTime:0.001000s ]

[ 2015-09-04T19:15:50+08:00 ] 192.168.10.244 /index.php?s=/Home/website
NOTIC: [8192] mysql_connect(): The mysql extension is deprecated and will be removed in the future: use mysqli or PDO instead C:\www\yiyuan\ThinkPHP\Library\Think\Db\Driver\Mysql.class.php 第 52 行.
SQL: SHOW COLUMNS FROM `wp_member` [ RunTime:0.004000s ]
SQL: SELECT * FROM `wp_member` WHERE ( `uid` = 363 ) LIMIT 1   [ RunTime:0.001000s ]
NOTIC: [8] Undefined index: uid C:\www\yiyuan\ThinkPHP\Library\Think\Controller.class.php 第 140 行.
SQL: SHOW COLUMNS FROM `wp_member_public_link` [ RunTime:0.008001s ]
SQL: SELECT * FROM `wp_member_public_link` WHERE ( uid=363 ) ORDER BY is_use desc  [ RunTime:0.001000s ]
NOTIC: [2] Invalid argument supplied for foreach() C:\www\yiyuan\ThinkPHP\Library\Think\Controller.class.php 第 149 行.
INFO: [ view_begin ] --START--
INFO: [ view_begin ] --END-- [ RunTime:0.000000s ]
INFO: [ view_parse ] --START--
INFO: [ template_filter ] --START--
INFO: Run Behavior\ContentReplace [ RunTime:0.000000s ]
INFO: [ template_filter ] --END-- [ RunTime:0.000000s ]
INFO: Run Behavior\ParseTemplate [ RunTime:0.017001s ]
INFO: [ view_parse ] --END-- [ RunTime:0.017001s ]
INFO: [ view_filter ] --START--
INFO: Run Behavior\WriteHtmlCache [ RunTime:0.000000s ]
INFO: [ view_filter ] --END-- [ RunTime:0.000000s ]
INFO: [ view_end ] --START--
INFO: [ view_end ] --END-- [ RunTime:0.000000s ]
INFO: [ app_end ] --START--
INFO: Run Behavior\ShowPageTrace [ RunTime:0.000000s ]
INFO: [ app_end ] --END-- [ RunTime:0.001000s ]

[ 2015-09-04T19:15:51+08:00 ] 192.168.10.244 /index.php?s=/Home/website
NOTIC: [8192] mysql_connect(): The mysql extension is deprecated and will be removed in the future: use mysqli or PDO instead C:\www\yiyuan\ThinkPHP\Library\Think\Db\Driver\Mysql.class.php 第 52 行.
SQL: SHOW COLUMNS FROM `wp_member` [ RunTime:0.005000s ]
SQL: SELECT * FROM `wp_member` WHERE ( `uid` = 363 ) LIMIT 1   [ RunTime:0.001000s ]
NOTIC: [8] Undefined index: uid C:\www\yiyuan\ThinkPHP\Library\Think\Controller.class.php 第 140 行.
SQL: SHOW COLUMNS FROM `wp_member_public_link` [ RunTime:0.005000s ]
SQL: SELECT * FROM `wp_member_public_link` WHERE ( uid=363 ) ORDER BY is_use desc  [ RunTime:0.001000s ]
NOTIC: [2] Invalid argument supplied for foreach() C:\www\yiyuan\ThinkPHP\Library\Think\Controller.class.php 第 149 行.
INFO: [ view_begin ] --START--
INFO: [ view_begin ] --END-- [ RunTime:0.000000s ]
INFO: [ view_parse ] --START--
INFO: [ template_filter ] --START--
INFO: Run Behavior\ContentReplace [ RunTime:0.000000s ]
INFO: [ template_filter ] --END-- [ RunTime:0.000000s ]
INFO: Run Behavior\ParseTemplate [ RunTime:0.015001s ]
INFO: [ view_parse ] --END-- [ RunTime:0.016001s ]
INFO: [ view_filter ] --START--
INFO: Run Behavior\WriteHtmlCache [ RunTime:0.000000s ]
INFO: [ view_filter ] --END-- [ RunTime:0.000000s ]
INFO: [ view_end ] --START--
INFO: [ view_end ] --END-- [ RunTime:0.000000s ]
INFO: [ app_end ] --START--
INFO: Run Behavior\ShowPageTrace [ RunTime:0.000000s ]
INFO: [ app_end ] --END-- [ RunTime:0.000000s ]

[ 2015-09-04T19:16:57+08:00 ] 192.168.10.244 /index.php?s=/Home/website
NOTIC: [8192] mysql_connect(): The mysql extension is deprecated and will be removed in the future: use mysqli or PDO instead C:\www\yiyuan\ThinkPHP\Library\Think\Db\Driver\Mysql.class.php 第 52 行.
SQL: SHOW COLUMNS FROM `wp_member` [ RunTime:0.005000s ]
SQL: SELECT * FROM `wp_member` WHERE ( `uid` = 363 ) LIMIT 1   [ RunTime:0.000000s ]
NOTIC: [8] Undefined index: uid C:\www\yiyuan\ThinkPHP\Library\Think\Controller.class.php 第 140 行.
SQL: SHOW COLUMNS FROM `wp_member_public_link` [ RunTime:0.004000s ]
SQL: SELECT * FROM `wp_member_public_link` WHERE ( uid=363 ) ORDER BY is_use desc  [ RunTime:0.000000s ]
NOTIC: [2] Invalid argument supplied for foreach() C:\www\yiyuan\ThinkPHP\Library\Think\Controller.class.php 第 149 行.
INFO: [ view_begin ] --START--
INFO: [ view_begin ] --END-- [ RunTime:0.000000s ]
INFO: [ view_parse ] --START--
INFO: [ template_filter ] --START--
INFO: Run Behavior\ContentReplace [ RunTime:0.001000s ]
INFO: [ template_filter ] --END-- [ RunTime:0.001000s ]
INFO: Run Behavior\ParseTemplate [ RunTime:0.015001s ]
INFO: [ view_parse ] --END-- [ RunTime:0.015001s ]
INFO: [ view_filter ] --START--
INFO: Run Behavior\WriteHtmlCache [ RunTime:0.000000s ]
INFO: [ view_filter ] --END-- [ RunTime:0.001000s ]
INFO: [ view_end ] --START--
INFO: [ view_end ] --END-- [ RunTime:0.000000s ]
INFO: [ app_end ] --START--
INFO: Run Behavior\ShowPageTrace [ RunTime:0.000000s ]
INFO: [ app_end ] --END-- [ RunTime:0.000000s ]

[ 2015-09-04T19:16:59+08:00 ] 192.168.10.244 /index.php?s=/Home/website
NOTIC: [8192] mysql_connect(): The mysql extension is deprecated and will be removed in the future: use mysqli or PDO instead C:\www\yiyuan\ThinkPHP\Library\Think\Db\Driver\Mysql.class.php 第 52 行.
SQL: SHOW COLUMNS FROM `wp_member` [ RunTime:0.005001s ]
SQL: SELECT * FROM `wp_member` WHERE ( `uid` = 363 ) LIMIT 1   [ RunTime:0.000000s ]
NOTIC: [8] Undefined index: uid C:\www\yiyuan\ThinkPHP\Library\Think\Controller.class.php 第 140 行.
SQL: SHOW COLUMNS FROM `wp_member_public_link` [ RunTime:0.006000s ]
SQL: SELECT * FROM `wp_member_public_link` WHERE ( uid=363 ) ORDER BY is_use desc  [ RunTime:0.001000s ]
NOTIC: [2] Invalid argument supplied for foreach() C:\www\yiyuan\ThinkPHP\Library\Think\Controller.class.php 第 149 行.
INFO: [ view_begin ] --START--
INFO: [ view_begin ] --END-- [ RunTime:0.000000s ]
INFO: [ view_parse ] --START--
INFO: [ template_filter ] --START--
INFO: Run Behavior\ContentReplace [ RunTime:0.001000s ]
INFO: [ template_filter ] --END-- [ RunTime:0.001000s ]
INFO: Run Behavior\ParseTemplate [ RunTime:0.015000s ]
INFO: [ view_parse ] --END-- [ RunTime:0.017001s ]
INFO: [ view_filter ] --START--
INFO: Run Behavior\WriteHtmlCache [ RunTime:0.000000s ]
INFO: [ view_filter ] --END-- [ RunTime:0.001001s ]
INFO: [ view_end ] --START--
INFO: [ view_end ] --END-- [ RunTime:0.000000s ]
INFO: [ app_end ] --START--
INFO: Run Behavior\ShowPageTrace [ RunTime:0.000000s ]
INFO: [ app_end ] --END-- [ RunTime:0.001000s ]

[ 2015-09-04T19:17:14+08:00 ] 192.168.10.244 /index.php?s=/Home/website
NOTIC: [8192] mysql_connect(): The mysql extension is deprecated and will be removed in the future: use mysqli or PDO instead C:\www\yiyuan\ThinkPHP\Library\Think\Db\Driver\Mysql.class.php 第 52 行.
SQL: SHOW COLUMNS FROM `wp_member` [ RunTime:0.005000s ]
SQL: SELECT * FROM `wp_member` WHERE ( `uid` = 363 ) LIMIT 1   [ RunTime:0.000000s ]
NOTIC: [8] Undefined index: uid C:\www\yiyuan\ThinkPHP\Library\Think\Controller.class.php 第 140 行.
SQL: SHOW COLUMNS FROM `wp_member_public_link` [ RunTime:0.006000s ]
SQL: SELECT * FROM `wp_member_public_link` WHERE ( uid=363 ) ORDER BY is_use desc  [ RunTime:0.000000s ]
NOTIC: [2] Invalid argument supplied for foreach() C:\www\yiyuan\ThinkPHP\Library\Think\Controller.class.php 第 149 行.
INFO: [ view_begin ] --START--
INFO: [ view_begin ] --END-- [ RunTime:0.000000s ]
INFO: [ view_parse ] --START--
INFO: [ template_filter ] --START--
INFO: Run Behavior\ContentReplace [ RunTime:0.000000s ]
INFO: [ template_filter ] --END-- [ RunTime:0.001000s ]
INFO: Run Behavior\ParseTemplate [ RunTime:0.015001s ]
INFO: [ view_parse ] --END-- [ RunTime:0.015001s ]
INFO: [ view_filter ] --START--
INFO: Run Behavior\WriteHtmlCache [ RunTime:0.000000s ]
INFO: [ view_filter ] --END-- [ RunTime:0.000000s ]
INFO: [ view_end ] --START--
INFO: [ view_end ] --END-- [ RunTime:0.001000s ]
INFO: [ app_end ] --START--
INFO: Run Behavior\ShowPageTrace [ RunTime:0.000000s ]
INFO: [ app_end ] --END-- [ RunTime:0.000000s ]

[ 2015-09-04T19:19:21+08:00 ] 192.168.10.244 /index.php?s=/Home/website
NOTIC: [8192] mysql_connect(): The mysql extension is deprecated and will be removed in the future: use mysqli or PDO instead C:\www\yiyuan\ThinkPHP\Library\Think\Db\Driver\Mysql.class.php 第 52 行.
SQL: SHOW COLUMNS FROM `wp_member` [ RunTime:0.004000s ]
SQL: SELECT * FROM `wp_member` WHERE ( `uid` = 363 ) LIMIT 1   [ RunTime:0.000000s ]
NOTIC: [8] Undefined index: uid C:\www\yiyuan\ThinkPHP\Library\Think\Controller.class.php 第 140 行.
SQL: SHOW COLUMNS FROM `wp_member_public_link` [ RunTime:0.003000s ]
SQL: SELECT * FROM `wp_member_public_link` WHERE ( uid=363 ) ORDER BY is_use desc  [ RunTime:0.001000s ]
NOTIC: [2] Invalid argument supplied for foreach() C:\www\yiyuan\ThinkPHP\Library\Think\Controller.class.php 第 149 行.
INFO: [ view_begin ] --START--
INFO: [ view_begin ] --END-- [ RunTime:0.000000s ]
INFO: [ view_parse ] --START--
INFO: [ template_filter ] --START--
INFO: Run Behavior\ContentReplace [ RunTime:0.001000s ]
INFO: [ template_filter ] --END-- [ RunTime:0.001000s ]
INFO: Run Behavior\ParseTemplate [ RunTime:0.019001s ]
INFO: [ view_parse ] --END-- [ RunTime:0.019001s ]
INFO: [ view_filter ] --START--
INFO: Run Behavior\WriteHtmlCache [ RunTime:0.000000s ]
INFO: [ view_filter ] --END-- [ RunTime:0.000000s ]
INFO: [ view_end ] --START--
INFO: [ view_end ] --END-- [ RunTime:0.000000s ]
INFO: [ app_end ] --START--
INFO: Run Behavior\ShowPageTrace [ RunTime:0.000000s ]
INFO: [ app_end ] --END-- [ RunTime:0.000000s ]

[ 2015-09-04T19:20:15+08:00 ] 192.168.10.244 /index.php?s=/Home/website
NOTIC: [8192] mysql_connect(): The mysql extension is deprecated and will be removed in the future: use mysqli or PDO instead C:\www\yiyuan\ThinkPHP\Library\Think\Db\Driver\Mysql.class.php 第 52 行.
SQL: SHOW COLUMNS FROM `wp_member` [ RunTime:0.005001s ]
SQL: SELECT * FROM `wp_member` WHERE ( `uid` = 363 ) LIMIT 1   [ RunTime:0.001000s ]
NOTIC: [8] Undefined index: uid C:\www\yiyuan\ThinkPHP\Library\Think\Controller.class.php 第 140 行.
SQL: SHOW COLUMNS FROM `wp_member_public_link` [ RunTime:0.004000s ]
SQL: SELECT * FROM `wp_member_public_link` WHERE ( uid=363 ) ORDER BY is_use desc  [ RunTime:0.001000s ]
NOTIC: [2] Invalid argument supplied for foreach() C:\www\yiyuan\ThinkPHP\Library\Think\Controller.class.php 第 149 行.
INFO: [ view_begin ] --START--
INFO: [ view_begin ] --END-- [ RunTime:0.000000s ]
INFO: [ view_parse ] --START--
INFO: [ template_filter ] --START--
INFO: Run Behavior\ContentReplace [ RunTime:0.000000s ]
INFO: [ template_filter ] --END-- [ RunTime:0.000000s ]
INFO: Run Behavior\ParseTemplate [ RunTime:0.013001s ]
INFO: [ view_parse ] --END-- [ RunTime:0.013001s ]
INFO: [ view_filter ] --START--
INFO: Run Behavior\WriteHtmlCache [ RunTime:0.000000s ]
INFO: [ view_filter ] --END-- [ RunTime:0.000000s ]
INFO: [ view_end ] --START--
INFO: [ view_end ] --END-- [ RunTime:0.000000s ]
INFO: [ app_end ] --START--
INFO: Run Behavior\ShowPageTrace [ RunTime:0.000000s ]
INFO: [ app_end ] --END-- [ RunTime:0.000000s ]

[ 2015-09-04T19:20:51+08:00 ] 192.168.10.244 /index.php?s=/Home/website
NOTIC: [8192] mysql_connect(): The mysql extension is deprecated and will be removed in the future: use mysqli or PDO instead C:\www\yiyuan\ThinkPHP\Library\Think\Db\Driver\Mysql.class.php 第 52 行.
SQL: SHOW COLUMNS FROM `wp_member` [ RunTime:0.005000s ]
SQL: SELECT * FROM `wp_member` WHERE ( `uid` = 363 ) LIMIT 1   [ RunTime:0.000000s ]
NOTIC: [8] Undefined index: uid C:\www\yiyuan\ThinkPHP\Library\Think\Controller.class.php 第 140 行.
SQL: SHOW COLUMNS FROM `wp_member_public_link` [ RunTime:0.004001s ]
SQL: SELECT * FROM `wp_member_public_link` WHERE ( uid=363 ) ORDER BY is_use desc  [ RunTime:0.001000s ]
NOTIC: [2] Invalid argument supplied for foreach() C:\www\yiyuan\ThinkPHP\Library\Think\Controller.class.php 第 149 行.
INFO: [ view_begin ] --START--
INFO: [ view_begin ] --END-- [ RunTime:0.000000s ]
INFO: [ view_parse ] --START--
INFO: [ template_filter ] --START--
INFO: Run Behavior\ContentReplace [ RunTime:0.000000s ]
INFO: [ template_filter ] --END-- [ RunTime:0.000000s ]
INFO: Run Behavior\ParseTemplate [ RunTime:0.015001s ]
INFO: [ view_parse ] --END-- [ RunTime:0.015001s ]
INFO: [ view_filter ] --START--
INFO: Run Behavior\WriteHtmlCache [ RunTime:0.000000s ]
INFO: [ view_filter ] --END-- [ RunTime:0.001000s ]
INFO: [ view_end ] --START--
INFO: [ view_end ] --END-- [ RunTime:0.000000s ]
INFO: [ app_end ] --START--
INFO: Run Behavior\ShowPageTrace [ RunTime:0.000000s ]
INFO: [ app_end ] --END-- [ RunTime:0.001000s ]

